2022-05-10 23:53:05 - utils.py[line:263] - INFO: distributed init (rank 0): env://
2022-05-10 23:53:05 - utils.py[line:269] - INFO: Start init
2022-05-10 23:53:05 - distributed_c10d.py[line:187] - INFO: Added key: store_based_barrier_key:1 to store for rank: 0
2022-05-10 23:53:05 - utils.py[line:279] - INFO: initialized host heming-ng1 as rank 0
single-machine distributed training is initialized.
2022-05-10 23:53:41 - train.py[line:77] - INFO: {'_name': None, 'common': {'_name': None, 'no_progress_bar': False, 'log_interval': 10, 'log_format': 'simple', 'log_file': None, 'tensorboard_logdir': None, 'wandb_project': None, 'azureml_logging': False, 'seed': 1, 'cpu': False, 'tpu': False, 'bf16': False, 'memory_efficient_bf16': False, 'fp16': True, 'memory_efficient_fp16': False, 'fp16_no_flatten_grads': False, 'fp16_init_scale': 128, 'fp16_scale_window': 512, 'fp16_scale_tolerance': 0.0, 'on_cpu_convert_precision': False, 'min_loss_scale': 0.0001, 'threshold_loss_scale': None, 'amp': False, 'amp_batch_retries': 2, 'amp_init_scale': 128, 'amp_scale_window': None, 'user_dir': '../../ofa_module', 'empty_cache_freq': 0, 'all_gather_list_size': 16384, 'model_parallel_size': 1, 'quantization_config_path': None, 'profile': False, 'reset_logging': False, 'suppress_crashes': False, 'use_plasma_view': False, 'plasma_path': '/tmp/plasma', 'log_nvidia_smi': False}, 'common_eval': {'_name': None, 'path': None, 'post_process': None, 'quiet': False, 'model_overrides': '{}', 'results_path': None, 'is_moe': False}, 'distributed_training': {'_name': None, 'distributed_world_size': 1, 'distributed_num_procs': 1, 'distributed_rank': 0, 'distributed_backend': 'nccl', 'distributed_init_method': 'env://', 'distributed_port': -1, 'device_id': 0, 'distributed_no_spawn': True, 'ddp_backend': 'pytorch_ddp', 'ddp_comm_hook': 'none', 'bucket_cap_mb': 25, 'fix_batches_to_gpus': False, 'find_unused_parameters': True, 'gradient_as_bucket_view': False, 'fast_stat_sync': False, 'heartbeat_timeout': -1, 'broadcast_buffers': False, 'slowmo_momentum': None, 'slowmo_algorithm': 'LocalSGD', 'localsgd_frequency': 3, 'nprocs_per_node': 1, 'pipeline_model_parallel': False, 'pipeline_balance': None, 'pipeline_devices': None, 'pipeline_chunks': 0, 'pipeline_encoder_balance': None, 'pipeline_encoder_devices': None, 'pipeline_decoder_balance': None, 'pipeline_decoder_devices': None, 'pipeline_checkpoint': 'never', 'zero_sharding': 'none', 'fp16': True, 'memory_efficient_fp16': False, 'tpu': False, 'no_reshard_after_forward': False, 'fp32_reduce_scatter': False, 'cpu_offload': False, 'use_sharded_state': False}, 'dataset': {'_name': None, 'num_workers': 0, 'num_workers_valid': 0, 'skip_invalid_size_inputs_valid_test': False, 'max_tokens': None, 'batch_size': 8, 'required_batch_size_multiple': 8, 'required_seq_len_multiple': 1, 'dataset_impl': None, 'data_buffer_size': 10, 'train_subset': 'train', 'valid_subset': 'valid', 'combine_valid_subsets': None, 'ignore_unused_valid_subsets': False, 'validate_interval': 1, 'validate_interval_updates': 5000, 'validate_after_updates': 0, 'fixed_validation_seed': 7, 'disable_validation': False, 'max_tokens_valid': None, 'batch_size_valid': 8, 'max_valid_steps': None, 'curriculum': 0, 'gen_subset': 'test', 'num_shards': 1, 'shard_id': 0}, 'optimization': {'_name': None, 'max_epoch': 4, 'max_update': 0, 'stop_time_hours': 0.0, 'clip_norm': 0.0, 'sentence_avg': False, 'update_freq': [4], 'lr': [1e-05], 'stop_min_lr': -1.0, 'use_bmuf': False}, 'checkpoint': {'_name': None, 'save_dir': './moe_stage1_checkpoints/4_0.06_2500', 'restore_file': '../../checkpoints/ofa_base.pt', 'finetune_from_model': None, 'reset_dataloader': True, 'reset_lr_scheduler': False, 'reset_meters': True, 'reset_optimizer': True, 'optimizer_overrides': '{}', 'save_interval': 1, 'save_interval_updates': 1, 'keep_interval_updates': -1, 'keep_interval_updates_pattern': -1, 'keep_last_epochs': -1, 'keep_best_checkpoints': 1, 'no_save': False, 'no_epoch_checkpoints': True, 'no_last_checkpoints': False, 'no_best_checkpoints': False, 'no_save_optimizer_state': False, 'no_save_optimizer_state_on_training_finished': False, 'symlink_best_and_last_checkpoints': False, 'best_checkpoint_metric': 'cider', 'maximize_best_checkpoint_metric': True, 'patience': -1, 'checkpoint_suffix': '', 'checkpoint_shard_count': 1, 'load_checkpoint_on_all_dp_ranks': False, 'write_checkpoints_asynchronously': False, 's3_upload_path': None, 'model_parallel_size': 1, 'use_ema_weights_to_init_param': False, 'use_latest_weights_to_init_ema': False}, 'bmuf': {'_name': None, 'block_lr': 1.0, 'block_momentum': 0.875, 'global_sync_iter': 50, 'warmup_iterations': 500, 'use_nbm': False, 'average_sync': False, 'distributed_world_size': 1}, 'generation': {'_name': None, 'beam': 5, 'nbest': 1, 'max_len_a': 0.0, 'max_len_b': 200, 'min_len': 1, 'match_source_len': False, 'unnormalized': False, 'no_early_stop': False, 'no_beamable_mm': False, 'lenpen': 1.0, 'unkpen': 0.0, 'replace_unk': None, 'sacrebleu': False, 'score_reference': False, 'prefix_size': 0, 'no_repeat_ngram_size': 0, 'sampling': False, 'sampling_topk': -1, 'sampling_topp': -1.0, 'constraints': None, 'temperature': 1.0, 'diverse_beam_groups': -1, 'diverse_beam_strength': 0.5, 'diversity_rate': -1.0, 'print_alignment': None, 'print_step': False, 'lm_path': None, 'lm_weight': 0.0, 'iter_decode_eos_penalty': 0.0, 'iter_decode_max_iter': 10, 'iter_decode_force_max_iter': False, 'iter_decode_with_beam': 1, 'iter_decode_with_external_reranker': False, 'retain_iter_history': False, 'retain_dropout': False, 'retain_dropout_modules': None, 'decoding_format': None, 'no_seed_provided': False}, 'eval_lm': {'_name': None, 'output_word_probs': False, 'output_word_stats': False, 'context_window': 0, 'softmax_batch': 9223372036854775807, 'stats_path': None, 'max_valid_steps': None}, 'interactive': {'_name': None, 'buffer_size': 0, 'input': '-'}, 'model': Namespace(_name='ofa_moe_base', activation_fn='gelu', adam_betas='(0.9,0.999)', adam_eps=1e-08, adaptive_softmax_cutoff=None, adaptive_softmax_dropout=0, add_type_embedding=True, all_gather_list_size=16384, alternate_ffn_embed_dim=0, amp=False, amp_batch_retries=2, amp_init_scale=128, amp_scale_window=None, arch='ofa_moe_base', attention_dropout=0.0, attn_scale_factor=2, azureml_logging=False, batch_size=8, batch_size_valid=8, best_checkpoint_metric='cider', bf16=False, block_wise=False, bpe=None, bpe_dir='../../utils/BPE', broadcast_buffers=False, bucket_cap_mb=25, checkpoint_shard_count=1, checkpoint_suffix='', clip_norm=0.0, code_dict_size=8192, code_image_size=128, code_layernorm_embedding=True, combine_valid_subsets=None, constraint_range=None, cpu=False, cpu_offload=False, criterion='adjust_label_smoothed_moe_cross_entropy', cross_self_attention=False, curriculum=0, data='../../dataset/caption_data/caption_stage1_train.tsv,../../dataset/caption_data/caption_val.tsv', data_buffer_size=10, dataset_impl=None, ddp_backend='pytorch_ddp', ddp_comm_hook='none', decoder_attention_heads=12, decoder_drop_path_rate=0.1, decoder_embed_dim=768, decoder_embed_path=None, decoder_ffn_embed_dim=3072, decoder_input_dim=768, decoder_layerdrop=0, decoder_layers=6, decoder_layers_to_keep=None, decoder_learned_pos=True, decoder_moe_freq=1, decoder_normalize_before=True, decoder_output_dim=768, device_id=0, disable_entangle=True, disable_validation=False, distributed_backend='nccl', distributed_init_method=None, distributed_no_spawn=False, distributed_num_procs=1, distributed_port=-1, distributed_rank=0, distributed_world_size=1, drop_worst_after=2500, drop_worst_ratio=0.2, dropout=0.1, ema_decay=0.9999, ema_fp32=False, ema_seed_model=None, ema_start_update=0, ema_update_freq=1, empty_cache_freq=0, encoder_attention_heads=12, encoder_drop_path_rate=0.1, encoder_embed_dim=768, encoder_embed_path=None, encoder_ffn_embed_dim=3072, encoder_layerdrop=0, encoder_layers=6, encoder_layers_to_keep=None, encoder_learned_pos=True, encoder_moe_freq=1, encoder_normalize_before=True, end_learning_rate=0.0, entangle_position_embedding=False, eos=2, eval_args='{"beam":1,"max_len_b":16,"no_repeat_ngram_size":3}', eval_bleu=False, eval_cider=True, eval_cider_cached_tokens='../../dataset/caption_data/cider_cached_tokens/coco-valid-words.p', eval_print_samples=False, fast_stat_sync=False, find_unused_parameters=True, finetune_from_model=None, fix_batches_to_gpus=False, fixed_validation_seed=7, force_anneal=None, fp16=True, fp16_adam_stats=False, fp16_init_scale=128, fp16_no_flatten_grads=False, fp16_scale_tolerance=0.0, fp16_scale_window=512, fp32_reduce_scatter=False, freeze_decoder_embedding=True, freeze_encoder_embedding=True, gen_subset='test', gradient_as_bucket_view=False, heartbeat_timeout=-1, ignore_eos=False, ignore_prefix_size=0, ignore_unused_valid_subsets=False, image_bucket_size=42, imagenet_default_mean_and_std=False, keep_best_checkpoints=1, keep_interval_updates=-1, keep_interval_updates_pattern=-1, keep_last_epochs=-1, label_smoothing=0.1, layernorm_embedding=True, load_checkpoint_on_all_dp_ranks=False, localsgd_frequency=3, log_file=None, log_format='simple', log_interval=10, log_nvidia_smi=False, lr=[1e-05], lr_scheduler='polynomial_decay', max_epoch=4, max_source_positions=1024, max_src_length=80, max_target_positions=1024, max_tgt_length=20, max_tokens=None, max_tokens_valid=None, max_update=0, max_valid_steps=None, maximize_best_checkpoint_metric=True, memory_efficient_bf16=False, memory_efficient_fp16=False, min_loss_scale=0.0001, min_params_to_wrap=100000000, model_parallel_size=1, moe_eval_capacity_token_fraction=0.25, moe_expert_count=4, moe_expert_ffn_dim=0, moe_freq=1, moe_gate_loss_combine_method='average', moe_gate_loss_transform='none', moe_gate_loss_wt=1.0, moe_gating_use_fp32=True, moe_normalize_expert_grad='', moe_normalize_gate_prob_before_dropping=True, moe_second_expert_policy='all', moe_top1_expert=True, no_best_checkpoints=False, no_cross_attention=False, no_epoch_checkpoints=True, no_last_checkpoints=False, no_progress_bar=False, no_reshard_after_forward=False, no_save=False, no_save_optimizer_state=False, no_save_optimizer_state_on_training_finished=False, no_scale_embedding=True, no_seed_provided=False, no_token_positional_embeddings=False, nprocs_per_node=1, num_bins=1000, num_shards=1, num_workers=0, num_workers_valid=0, on_cpu_convert_precision=False, optimizer='adam', optimizer_overrides='{}', pad=1, patch_image_size=480, patch_layernorm_embedding=True, patience=-1, pipeline_balance=None, pipeline_checkpoint='never', pipeline_chunks=0, pipeline_decoder_balance=None, pipeline_decoder_devices=None, pipeline_devices=None, pipeline_encoder_balance=None, pipeline_encoder_devices=None, pipeline_model_parallel=False, plasma_path='/tmp/plasma', pooler_activation_fn='tanh', pooler_classifier='mlp', pooler_dropout=0.0, power=1.0, profile=False, quant_noise_pq=0, quant_noise_pq_block_size=8, quant_noise_scalar=0, quantization_config_path=None, reg_alpha=1.0, relu_dropout=0.0, report_accuracy=False, required_batch_size_multiple=8, required_seq_len_multiple=1, reset_dataloader=True, reset_logging=False, reset_lr_scheduler=False, reset_meters=True, reset_optimizer=True, resnet_drop_path_rate=0.0, resnet_type='resnet101', restore_file='../../checkpoints/ofa_base.pt', s3_upload_path=None, sample_patch_num=196, save_dir='./moe_stage1_checkpoints/4_0.06_2500', save_interval=1, save_interval_updates=1, scale_attn=True, scale_fc=True, scale_heads=True, scale_resids=False, scoring='bleu', scst=False, scst_args='{}', seed=1, selected_cols='0,4,2', sentence_avg=False, shard_id=0, share_all_embeddings=True, share_decoder_input_output_embed=True, simul_type=None, skip_invalid_size_inputs_valid_test=False, slowmo_algorithm='LocalSGD', slowmo_momentum=None, stop_min_lr=-1.0, stop_time_hours=0, store_ema=False, suppress_crashes=False, symlink_best_and_last_checkpoints=False, sync_bn=False, task='caption', tensorboard_logdir=None, threshold_loss_scale=None, token_bucket_size=256, tokenizer=None, total_num_update=1000000, tpu=False, train_subset='train', unk=3, update_freq=[4], use_bmuf=False, use_ema_weights_to_init_param=False, use_latest_weights_to_init_ema=False, use_moe_pad_mask=True, use_old_adam=False, use_plasma_view=False, use_rdrop=False, use_sharded_state=False, user_dir='../../ofa_module', valid_subset='valid', validate_after_updates=0, validate_interval=1, validate_interval_updates=5000, wandb_project=None, warmup_ratio=0.06, warmup_updates=0, weight_decay=0.01, write_checkpoints_asynchronously=False, zero_sharding='none'), 'task': {'_name': 'caption', 'data': '../../dataset/caption_data/caption_stage1_train.tsv,../../dataset/caption_data/caption_val.tsv', 'selected_cols': '0,4,2', 'bpe_dir': '../../utils/BPE', 'max_source_positions': 1024, 'max_target_positions': 1024, 'max_src_length': 80, 'max_tgt_length': 20, 'code_dict_size': 8192, 'patch_image_size': 480, 'num_bins': 1000, 'imagenet_default_mean_and_std': False, 'constraint_range': None, 'eval_bleu': False, 'eval_cider': True, 'eval_args': '{"beam":1,"max_len_b":16,"no_repeat_ngram_size":3}', 'eval_print_samples': False, 'eval_cider_cached_tokens': '../../dataset/caption_data/cider_cached_tokens/coco-valid-words.p', 'scst': False, 'scst_args': '{}'}, 'criterion': {'_name': 'adjust_label_smoothed_moe_cross_entropy', 'label_smoothing': 0.1, 'report_accuracy': False, 'ignore_prefix_size': 0, 'ignore_eos': False, 'sentence_avg': False, 'drop_worst_ratio': 0.2, 'drop_worst_after': 2500, 'use_rdrop': False, 'reg_alpha': 1.0, 'sample_patch_num': 196, 'constraint_range': None, 'moe_gate_loss_wt': 1.0, 'moe_gate_loss_combine_method': 'average', 'moe_gate_loss_transform': 'none'}, 'optimizer': {'_name': 'adam', 'adam_betas': '(0.9,0.999)', 'adam_eps': 1e-08, 'weight_decay': 0.01, 'use_old_adam': False, 'fp16_adam_stats': False, 'tpu': False, 'lr': [1e-05], 'block_wise': False}, 'lr_scheduler': {'_name': 'polynomial_decay', 'warmup_updates': 0, 'warmup_ratio': 0.06, 'force_anneal': None, 'end_learning_rate': 0.0, 'power': 1.0, 'total_num_update': 1000000.0, 'lr': [1e-05]}, 'scoring': {'_name': 'bleu', 'pad': 1, 'eos': 2, 'unk': 3}, 'bpe': None, 'tokenizer': None, 'ema': {'_name': None, 'store_ema': False, 'ema_decay': 0.9999, 'ema_start_update': 0, 'ema_seed_model': None, 'ema_update_freq': 1, 'ema_fp32': False}, 'simul_type': None}
2022-05-10 23:53:41 - ofa_task.py[line:103] - INFO: source dictionary: 59457 types
2022-05-10 23:53:41 - ofa_task.py[line:104] - INFO: target dictionary: 59457 types
2022-05-10 23:53:42 - distributed_c10d.py[line:187] - INFO: Added key: store_based_barrier_key:2 to store for rank: 0
2022-05-10 23:53:42 - distributed_c10d.py[line:187] - INFO: Added key: store_based_barrier_key:3 to store for rank: 0
2022-05-10 23:53:42 - distributed_c10d.py[line:187] - INFO: Added key: store_based_barrier_key:4 to store for rank: 0
2022-05-10 23:53:47 - train.py[line:108] - INFO: OFAModel(
  (encoder): TransformerEncoder(
    (dropout_module): FairseqDropout()
    (embed_tokens): Embedding(59457, 768, padding_idx=1)
    (layernorm_embedding): FusedLayerNorm(torch.Size([768]), eps=1e-05, elementwise_affine=True)
    (type_embedding): Embedding(2, 768)
    (embed_images): ResNet(
      (conv1): Conv2d(3, 64, kernel_size=(7, 7), stride=(2, 2), padding=(3, 3), bias=False)
      (bn1): BatchNorm2d(64, eps=1e-05, momentum=0.1, affine=True, track_running_stats=True)
      (relu): ReLU(inplace=True)
      (maxpool): MaxPool2d(kernel_size=3, stride=2, padding=1, dilation=1, ceil_mode=False)
      (layer1): Sequential(
        (0): Bottleneck(
          (conv1): Conv2d(64, 64, kernel_size=(1, 1), stride=(1, 1), bias=False)
          (bn1): BatchNorm2d(64, eps=1e-05, momentum=0.1, affine=True, track_running_stats=True)
          (conv2): Conv2d(64, 64, kernel_size=(3, 3), stride=(1, 1), padding=(1, 1), bias=False)
          (bn2): BatchNorm2d(64, eps=1e-05, momentum=0.1, affine=True, track_running_stats=True)
          (conv3): Conv2d(64, 256, kernel_size=(1, 1), stride=(1, 1), bias=False)
          (bn3): BatchNorm2d(256, eps=1e-05, momentum=0.1, affine=True, track_running_stats=True)
          (relu): ReLU(inplace=True)
          (downsample): Sequential(
            (0): Conv2d(64, 256, kernel_size=(1, 1), stride=(1, 1), bias=False)
            (1): BatchNorm2d(256, eps=1e-05, momentum=0.1, affine=True, track_running_stats=True)
          )
          (drop_path): Identity()
        )
        (1): Bottleneck(
          (conv1): Conv2d(256, 64, kernel_size=(1, 1), stride=(1, 1), bias=False)
          (bn1): BatchNorm2d(64, eps=1e-05, momentum=0.1, affine=True, track_running_stats=True)
          (conv2): Conv2d(64, 64, kernel_size=(3, 3), stride=(1, 1), padding=(1, 1), bias=False)
          (bn2): BatchNorm2d(64, eps=1e-05, momentum=0.1, affine=True, track_running_stats=True)
          (conv3): Conv2d(64, 256, kernel_size=(1, 1), stride=(1, 1), bias=False)
          (bn3): BatchNorm2d(256, eps=1e-05, momentum=0.1, affine=True, track_running_stats=True)
          (relu): ReLU(inplace=True)
          (drop_path): Identity()
        )
        (2): Bottleneck(
          (conv1): Conv2d(256, 64, kernel_size=(1, 1), stride=(1, 1), bias=False)
          (bn1): BatchNorm2d(64, eps=1e-05, momentum=0.1, affine=True, track_running_stats=True)
          (conv2): Conv2d(64, 64, kernel_size=(3, 3), stride=(1, 1), padding=(1, 1), bias=False)
          (bn2): BatchNorm2d(64, eps=1e-05, momentum=0.1, affine=True, track_running_stats=True)
          (conv3): Conv2d(64, 256, kernel_size=(1, 1), stride=(1, 1), bias=False)
          (bn3): BatchNorm2d(256, eps=1e-05, momentum=0.1, affine=True, track_running_stats=True)
          (relu): ReLU(inplace=True)
          (drop_path): Identity()
        )
      )
      (layer2): Sequential(
        (0): Bottleneck(
          (conv1): Conv2d(256, 128, kernel_size=(1, 1), stride=(1, 1), bias=False)
          (bn1): BatchNorm2d(128, eps=1e-05, momentum=0.1, affine=True, track_running_stats=True)
          (conv2): Conv2d(128, 128, kernel_size=(3, 3), stride=(2, 2), padding=(1, 1), bias=False)
          (bn2): BatchNorm2d(128, eps=1e-05, momentum=0.1, affine=True, track_running_stats=True)
          (conv3): Conv2d(128, 512, kernel_size=(1, 1), stride=(1, 1), bias=False)
          (bn3): BatchNorm2d(512, eps=1e-05, momentum=0.1, affine=True, track_running_stats=True)
          (relu): ReLU(inplace=True)
          (downsample): Sequential(
            (0): Conv2d(256, 512, kernel_size=(1, 1), stride=(2, 2), bias=False)
            (1): BatchNorm2d(512, eps=1e-05, momentum=0.1, affine=True, track_running_stats=True)
          )
          (drop_path): Identity()
        )
        (1): Bottleneck(
          (conv1): Conv2d(512, 128, kernel_size=(1, 1), stride=(1, 1), bias=False)
          (bn1): BatchNorm2d(128, eps=1e-05, momentum=0.1, affine=True, track_running_stats=True)
          (conv2): Conv2d(128, 128, kernel_size=(3, 3), stride=(1, 1), padding=(1, 1), bias=False)
          (bn2): BatchNorm2d(128, eps=1e-05, momentum=0.1, affine=True, track_running_stats=True)
          (conv3): Conv2d(128, 512, kernel_size=(1, 1), stride=(1, 1), bias=False)
          (bn3): BatchNorm2d(512, eps=1e-05, momentum=0.1, affine=True, track_running_stats=True)
          (relu): ReLU(inplace=True)
          (drop_path): Identity()
        )
        (2): Bottleneck(
          (conv1): Conv2d(512, 128, kernel_size=(1, 1), stride=(1, 1), bias=False)
          (bn1): BatchNorm2d(128, eps=1e-05, momentum=0.1, affine=True, track_running_stats=True)
          (conv2): Conv2d(128, 128, kernel_size=(3, 3), stride=(1, 1), padding=(1, 1), bias=False)
          (bn2): BatchNorm2d(128, eps=1e-05, momentum=0.1, affine=True, track_running_stats=True)
          (conv3): Conv2d(128, 512, kernel_size=(1, 1), stride=(1, 1), bias=False)
          (bn3): BatchNorm2d(512, eps=1e-05, momentum=0.1, affine=True, track_running_stats=True)
          (relu): ReLU(inplace=True)
          (drop_path): Identity()
        )
        (3): Bottleneck(
          (conv1): Conv2d(512, 128, kernel_size=(1, 1), stride=(1, 1), bias=False)
          (bn1): BatchNorm2d(128, eps=1e-05, momentum=0.1, affine=True, track_running_stats=True)
          (conv2): Conv2d(128, 128, kernel_size=(3, 3), stride=(1, 1), padding=(1, 1), bias=False)
          (bn2): BatchNorm2d(128, eps=1e-05, momentum=0.1, affine=True, track_running_stats=True)
          (conv3): Conv2d(128, 512, kernel_size=(1, 1), stride=(1, 1), bias=False)
          (bn3): BatchNorm2d(512, eps=1e-05, momentum=0.1, affine=True, track_running_stats=True)
          (relu): ReLU(inplace=True)
          (drop_path): Identity()
        )
      )
      (layer3): Sequential(
        (0): Bottleneck(
          (conv1): Conv2d(512, 256, kernel_size=(1, 1), stride=(1, 1), bias=False)
          (bn1): BatchNorm2d(256, eps=1e-05, momentum=0.1, affine=True, track_running_stats=True)
          (conv2): Conv2d(256, 256, kernel_size=(3, 3), stride=(2, 2), padding=(1, 1), bias=False)
          (bn2): BatchNorm2d(256, eps=1e-05, momentum=0.1, affine=True, track_running_stats=True)
          (conv3): Conv2d(256, 1024, kernel_size=(1, 1), stride=(1, 1), bias=False)
          (bn3): BatchNorm2d(1024, eps=1e-05, momentum=0.1, affine=True, track_running_stats=True)
          (relu): ReLU(inplace=True)
          (downsample): Sequential(
            (0): Conv2d(512, 1024, kernel_size=(1, 1), stride=(2, 2), bias=False)
            (1): BatchNorm2d(1024, eps=1e-05, momentum=0.1, affine=True, track_running_stats=True)
          )
          (drop_path): Identity()
        )
        (1): Bottleneck(
          (conv1): Conv2d(1024, 256, kernel_size=(1, 1), stride=(1, 1), bias=False)
          (bn1): BatchNorm2d(256, eps=1e-05, momentum=0.1, affine=True, track_running_stats=True)
          (conv2): Conv2d(256, 256, kernel_size=(3, 3), stride=(1, 1), padding=(1, 1), bias=False)
          (bn2): BatchNorm2d(256, eps=1e-05, momentum=0.1, affine=True, track_running_stats=True)
          (conv3): Conv2d(256, 1024, kernel_size=(1, 1), stride=(1, 1), bias=False)
          (bn3): BatchNorm2d(1024, eps=1e-05, momentum=0.1, affine=True, track_running_stats=True)
          (relu): ReLU(inplace=True)
          (drop_path): Identity()
        )
        (2): Bottleneck(
          (conv1): Conv2d(1024, 256, kernel_size=(1, 1), stride=(1, 1), bias=False)
          (bn1): BatchNorm2d(256, eps=1e-05, momentum=0.1, affine=True, track_running_stats=True)
          (conv2): Conv2d(256, 256, kernel_size=(3, 3), stride=(1, 1), padding=(1, 1), bias=False)
          (bn2): BatchNorm2d(256, eps=1e-05, momentum=0.1, affine=True, track_running_stats=True)
          (conv3): Conv2d(256, 1024, kernel_size=(1, 1), stride=(1, 1), bias=False)
          (bn3): BatchNorm2d(1024, eps=1e-05, momentum=0.1, affine=True, track_running_stats=True)
          (relu): ReLU(inplace=True)
          (drop_path): Identity()
        )
        (3): Bottleneck(
          (conv1): Conv2d(1024, 256, kernel_size=(1, 1), stride=(1, 1), bias=False)
          (bn1): BatchNorm2d(256, eps=1e-05, momentum=0.1, affine=True, track_running_stats=True)
          (conv2): Conv2d(256, 256, kernel_size=(3, 3), stride=(1, 1), padding=(1, 1), bias=False)
          (bn2): BatchNorm2d(256, eps=1e-05, momentum=0.1, affine=True, track_running_stats=True)
          (conv3): Conv2d(256, 1024, kernel_size=(1, 1), stride=(1, 1), bias=False)
          (bn3): BatchNorm2d(1024, eps=1e-05, momentum=0.1, affine=True, track_running_stats=True)
          (relu): ReLU(inplace=True)
          (drop_path): Identity()
        )
        (4): Bottleneck(
          (conv1): Conv2d(1024, 256, kernel_size=(1, 1), stride=(1, 1), bias=False)
          (bn1): BatchNorm2d(256, eps=1e-05, momentum=0.1, affine=True, track_running_stats=True)
          (conv2): Conv2d(256, 256, kernel_size=(3, 3), stride=(1, 1), padding=(1, 1), bias=False)
          (bn2): BatchNorm2d(256, eps=1e-05, momentum=0.1, affine=True, track_running_stats=True)
          (conv3): Conv2d(256, 1024, kernel_size=(1, 1), stride=(1, 1), bias=False)
          (bn3): BatchNorm2d(1024, eps=1e-05, momentum=0.1, affine=True, track_running_stats=True)
          (relu): ReLU(inplace=True)
          (drop_path): Identity()
        )
        (5): Bottleneck(
          (conv1): Conv2d(1024, 256, kernel_size=(1, 1), stride=(1, 1), bias=False)
          (bn1): BatchNorm2d(256, eps=1e-05, momentum=0.1, affine=True, track_running_stats=True)
          (conv2): Conv2d(256, 256, kernel_size=(3, 3), stride=(1, 1), padding=(1, 1), bias=False)
          (bn2): BatchNorm2d(256, eps=1e-05, momentum=0.1, affine=True, track_running_stats=True)
          (conv3): Conv2d(256, 1024, kernel_size=(1, 1), stride=(1, 1), bias=False)
          (bn3): BatchNorm2d(1024, eps=1e-05, momentum=0.1, affine=True, track_running_stats=True)
          (relu): ReLU(inplace=True)
          (drop_path): Identity()
        )
        (6): Bottleneck(
          (conv1): Conv2d(1024, 256, kernel_size=(1, 1), stride=(1, 1), bias=False)
          (bn1): BatchNorm2d(256, eps=1e-05, momentum=0.1, affine=True, track_running_stats=True)
          (conv2): Conv2d(256, 256, kernel_size=(3, 3), stride=(1, 1), padding=(1, 1), bias=False)
          (bn2): BatchNorm2d(256, eps=1e-05, momentum=0.1, affine=True, track_running_stats=True)
          (conv3): Conv2d(256, 1024, kernel_size=(1, 1), stride=(1, 1), bias=False)
          (bn3): BatchNorm2d(1024, eps=1e-05, momentum=0.1, affine=True, track_running_stats=True)
          (relu): ReLU(inplace=True)
          (drop_path): Identity()
        )
        (7): Bottleneck(
          (conv1): Conv2d(1024, 256, kernel_size=(1, 1), stride=(1, 1), bias=False)
          (bn1): BatchNorm2d(256, eps=1e-05, momentum=0.1, affine=True, track_running_stats=True)
          (conv2): Conv2d(256, 256, kernel_size=(3, 3), stride=(1, 1), padding=(1, 1), bias=False)
          (bn2): BatchNorm2d(256, eps=1e-05, momentum=0.1, affine=True, track_running_stats=True)
          (conv3): Conv2d(256, 1024, kernel_size=(1, 1), stride=(1, 1), bias=False)
          (bn3): BatchNorm2d(1024, eps=1e-05, momentum=0.1, affine=True, track_running_stats=True)
          (relu): ReLU(inplace=True)
          (drop_path): Identity()
        )
        (8): Bottleneck(
          (conv1): Conv2d(1024, 256, kernel_size=(1, 1), stride=(1, 1), bias=False)
          (bn1): BatchNorm2d(256, eps=1e-05, momentum=0.1, affine=True, track_running_stats=True)
          (conv2): Conv2d(256, 256, kernel_size=(3, 3), stride=(1, 1), padding=(1, 1), bias=False)
          (bn2): BatchNorm2d(256, eps=1e-05, momentum=0.1, affine=True, track_running_stats=True)
          (conv3): Conv2d(256, 1024, kernel_size=(1, 1), stride=(1, 1), bias=False)
          (bn3): BatchNorm2d(1024, eps=1e-05, momentum=0.1, affine=True, track_running_stats=True)
          (relu): ReLU(inplace=True)
          (drop_path): Identity()
        )
        (9): Bottleneck(
          (conv1): Conv2d(1024, 256, kernel_size=(1, 1), stride=(1, 1), bias=False)
          (bn1): BatchNorm2d(256, eps=1e-05, momentum=0.1, affine=True, track_running_stats=True)
          (conv2): Conv2d(256, 256, kernel_size=(3, 3), stride=(1, 1), padding=(1, 1), bias=False)
          (bn2): BatchNorm2d(256, eps=1e-05, momentum=0.1, affine=True, track_running_stats=True)
          (conv3): Conv2d(256, 1024, kernel_size=(1, 1), stride=(1, 1), bias=False)
          (bn3): BatchNorm2d(1024, eps=1e-05, momentum=0.1, affine=True, track_running_stats=True)
          (relu): ReLU(inplace=True)
          (drop_path): Identity()
        )
        (10): Bottleneck(
          (conv1): Conv2d(1024, 256, kernel_size=(1, 1), stride=(1, 1), bias=False)
          (bn1): BatchNorm2d(256, eps=1e-05, momentum=0.1, affine=True, track_running_stats=True)
          (conv2): Conv2d(256, 256, kernel_size=(3, 3), stride=(1, 1), padding=(1, 1), bias=False)
          (bn2): BatchNorm2d(256, eps=1e-05, momentum=0.1, affine=True, track_running_stats=True)
          (conv3): Conv2d(256, 1024, kernel_size=(1, 1), stride=(1, 1), bias=False)
          (bn3): BatchNorm2d(1024, eps=1e-05, momentum=0.1, affine=True, track_running_stats=True)
          (relu): ReLU(inplace=True)
          (drop_path): Identity()
        )
        (11): Bottleneck(
          (conv1): Conv2d(1024, 256, kernel_size=(1, 1), stride=(1, 1), bias=False)
          (bn1): BatchNorm2d(256, eps=1e-05, momentum=0.1, affine=True, track_running_stats=True)
          (conv2): Conv2d(256, 256, kernel_size=(3, 3), stride=(1, 1), padding=(1, 1), bias=False)
          (bn2): BatchNorm2d(256, eps=1e-05, momentum=0.1, affine=True, track_running_stats=True)
          (conv3): Conv2d(256, 1024, kernel_size=(1, 1), stride=(1, 1), bias=False)
          (bn3): BatchNorm2d(1024, eps=1e-05, momentum=0.1, affine=True, track_running_stats=True)
          (relu): ReLU(inplace=True)
          (drop_path): Identity()
        )
        (12): Bottleneck(
          (conv1): Conv2d(1024, 256, kernel_size=(1, 1), stride=(1, 1), bias=False)
          (bn1): BatchNorm2d(256, eps=1e-05, momentum=0.1, affine=True, track_running_stats=True)
          (conv2): Conv2d(256, 256, kernel_size=(3, 3), stride=(1, 1), padding=(1, 1), bias=False)
          (bn2): BatchNorm2d(256, eps=1e-05, momentum=0.1, affine=True, track_running_stats=True)
          (conv3): Conv2d(256, 1024, kernel_size=(1, 1), stride=(1, 1), bias=False)
          (bn3): BatchNorm2d(1024, eps=1e-05, momentum=0.1, affine=True, track_running_stats=True)
          (relu): ReLU(inplace=True)
          (drop_path): Identity()
        )
        (13): Bottleneck(
          (conv1): Conv2d(1024, 256, kernel_size=(1, 1), stride=(1, 1), bias=False)
          (bn1): BatchNorm2d(256, eps=1e-05, momentum=0.1, affine=True, track_running_stats=True)
          (conv2): Conv2d(256, 256, kernel_size=(3, 3), stride=(1, 1), padding=(1, 1), bias=False)
          (bn2): BatchNorm2d(256, eps=1e-05, momentum=0.1, affine=True, track_running_stats=True)
          (conv3): Conv2d(256, 1024, kernel_size=(1, 1), stride=(1, 1), bias=False)
          (bn3): BatchNorm2d(1024, eps=1e-05, momentum=0.1, affine=True, track_running_stats=True)
          (relu): ReLU(inplace=True)
          (drop_path): Identity()
        )
        (14): Bottleneck(
          (conv1): Conv2d(1024, 256, kernel_size=(1, 1), stride=(1, 1), bias=False)
          (bn1): BatchNorm2d(256, eps=1e-05, momentum=0.1, affine=True, track_running_stats=True)
          (conv2): Conv2d(256, 256, kernel_size=(3, 3), stride=(1, 1), padding=(1, 1), bias=False)
          (bn2): BatchNorm2d(256, eps=1e-05, momentum=0.1, affine=True, track_running_stats=True)
          (conv3): Conv2d(256, 1024, kernel_size=(1, 1), stride=(1, 1), bias=False)
          (bn3): BatchNorm2d(1024, eps=1e-05, momentum=0.1, affine=True, track_running_stats=True)
          (relu): ReLU(inplace=True)
          (drop_path): Identity()
        )
        (15): Bottleneck(
          (conv1): Conv2d(1024, 256, kernel_size=(1, 1), stride=(1, 1), bias=False)
          (bn1): BatchNorm2d(256, eps=1e-05, momentum=0.1, affine=True, track_running_stats=True)
          (conv2): Conv2d(256, 256, kernel_size=(3, 3), stride=(1, 1), padding=(1, 1), bias=False)
          (bn2): BatchNorm2d(256, eps=1e-05, momentum=0.1, affine=True, track_running_stats=True)
          (conv3): Conv2d(256, 1024, kernel_size=(1, 1), stride=(1, 1), bias=False)
          (bn3): BatchNorm2d(1024, eps=1e-05, momentum=0.1, affine=True, track_running_stats=True)
          (relu): ReLU(inplace=True)
          (drop_path): Identity()
        )
        (16): Bottleneck(
          (conv1): Conv2d(1024, 256, kernel_size=(1, 1), stride=(1, 1), bias=False)
          (bn1): BatchNorm2d(256, eps=1e-05, momentum=0.1, affine=True, track_running_stats=True)
          (conv2): Conv2d(256, 256, kernel_size=(3, 3), stride=(1, 1), padding=(1, 1), bias=False)
          (bn2): BatchNorm2d(256, eps=1e-05, momentum=0.1, affine=True, track_running_stats=True)
          (conv3): Conv2d(256, 1024, kernel_size=(1, 1), stride=(1, 1), bias=False)
          (bn3): BatchNorm2d(1024, eps=1e-05, momentum=0.1, affine=True, track_running_stats=True)
          (relu): ReLU(inplace=True)
          (drop_path): Identity()
        )
        (17): Bottleneck(
          (conv1): Conv2d(1024, 256, kernel_size=(1, 1), stride=(1, 1), bias=False)
          (bn1): BatchNorm2d(256, eps=1e-05, momentum=0.1, affine=True, track_running_stats=True)
          (conv2): Conv2d(256, 256, kernel_size=(3, 3), stride=(1, 1), padding=(1, 1), bias=False)
          (bn2): BatchNorm2d(256, eps=1e-05, momentum=0.1, affine=True, track_running_stats=True)
          (conv3): Conv2d(256, 1024, kernel_size=(1, 1), stride=(1, 1), bias=False)
          (bn3): BatchNorm2d(1024, eps=1e-05, momentum=0.1, affine=True, track_running_stats=True)
          (relu): ReLU(inplace=True)
          (drop_path): Identity()
        )
        (18): Bottleneck(
          (conv1): Conv2d(1024, 256, kernel_size=(1, 1), stride=(1, 1), bias=False)
          (bn1): BatchNorm2d(256, eps=1e-05, momentum=0.1, affine=True, track_running_stats=True)
          (conv2): Conv2d(256, 256, kernel_size=(3, 3), stride=(1, 1), padding=(1, 1), bias=False)
          (bn2): BatchNorm2d(256, eps=1e-05, momentum=0.1, affine=True, track_running_stats=True)
          (conv3): Conv2d(256, 1024, kernel_size=(1, 1), stride=(1, 1), bias=False)
          (bn3): BatchNorm2d(1024, eps=1e-05, momentum=0.1, affine=True, track_running_stats=True)
          (relu): ReLU(inplace=True)
          (drop_path): Identity()
        )
        (19): Bottleneck(
          (conv1): Conv2d(1024, 256, kernel_size=(1, 1), stride=(1, 1), bias=False)
          (bn1): BatchNorm2d(256, eps=1e-05, momentum=0.1, affine=True, track_running_stats=True)
          (conv2): Conv2d(256, 256, kernel_size=(3, 3), stride=(1, 1), padding=(1, 1), bias=False)
          (bn2): BatchNorm2d(256, eps=1e-05, momentum=0.1, affine=True, track_running_stats=True)
          (conv3): Conv2d(256, 1024, kernel_size=(1, 1), stride=(1, 1), bias=False)
          (bn3): BatchNorm2d(1024, eps=1e-05, momentum=0.1, affine=True, track_running_stats=True)
          (relu): ReLU(inplace=True)
          (drop_path): Identity()
        )
        (20): Bottleneck(
          (conv1): Conv2d(1024, 256, kernel_size=(1, 1), stride=(1, 1), bias=False)
          (bn1): BatchNorm2d(256, eps=1e-05, momentum=0.1, affine=True, track_running_stats=True)
          (conv2): Conv2d(256, 256, kernel_size=(3, 3), stride=(1, 1), padding=(1, 1), bias=False)
          (bn2): BatchNorm2d(256, eps=1e-05, momentum=0.1, affine=True, track_running_stats=True)
          (conv3): Conv2d(256, 1024, kernel_size=(1, 1), stride=(1, 1), bias=False)
          (bn3): BatchNorm2d(1024, eps=1e-05, momentum=0.1, affine=True, track_running_stats=True)
          (relu): ReLU(inplace=True)
          (drop_path): Identity()
        )
        (21): Bottleneck(
          (conv1): Conv2d(1024, 256, kernel_size=(1, 1), stride=(1, 1), bias=False)
          (bn1): BatchNorm2d(256, eps=1e-05, momentum=0.1, affine=True, track_running_stats=True)
          (conv2): Conv2d(256, 256, kernel_size=(3, 3), stride=(1, 1), padding=(1, 1), bias=False)
          (bn2): BatchNorm2d(256, eps=1e-05, momentum=0.1, affine=True, track_running_stats=True)
          (conv3): Conv2d(256, 1024, kernel_size=(1, 1), stride=(1, 1), bias=False)
          (bn3): BatchNorm2d(1024, eps=1e-05, momentum=0.1, affine=True, track_running_stats=True)
          (relu): ReLU(inplace=True)
          (drop_path): Identity()
        )
        (22): Bottleneck(
          (conv1): Conv2d(1024, 256, kernel_size=(1, 1), stride=(1, 1), bias=False)
          (bn1): BatchNorm2d(256, eps=1e-05, momentum=0.1, affine=True, track_running_stats=True)
          (conv2): Conv2d(256, 256, kernel_size=(3, 3), stride=(1, 1), padding=(1, 1), bias=False)
          (bn2): BatchNorm2d(256, eps=1e-05, momentum=0.1, affine=True, track_running_stats=True)
          (conv3): Conv2d(256, 1024, kernel_size=(1, 1), stride=(1, 1), bias=False)
          (bn3): BatchNorm2d(1024, eps=1e-05, momentum=0.1, affine=True, track_running_stats=True)
          (relu): ReLU(inplace=True)
          (drop_path): Identity()
        )
      )
    )
    (image_proj): Linear(in_features=1024, out_features=768, bias=True)
    (patch_layernorm_embedding): FusedLayerNorm(torch.Size([768]), eps=1e-05, elementwise_affine=True)
    (embed_positions): Embedding(1026, 768)
    (embed_image_positions): Embedding(1765, 768)
    (pos_ln): FusedLayerNorm(torch.Size([768]), eps=1e-05, elementwise_affine=True)
    (image_pos_ln): FusedLayerNorm(torch.Size([768]), eps=1e-05, elementwise_affine=True)
    (pos_q_linear): Linear(in_features=768, out_features=768, bias=True)
    (pos_k_linear): Linear(in_features=768, out_features=768, bias=True)
    (layers): ModuleList(
      (0): TransformerEncoderLayer(
        (self_attn): MultiheadAttention(
          (dropout_module): FairseqDropout()
          (k_proj): Linear(in_features=768, out_features=768, bias=True)
          (v_proj): Linear(in_features=768, out_features=768, bias=True)
          (q_proj): Linear(in_features=768, out_features=768, bias=True)
          (out_proj): Linear(in_features=768, out_features=768, bias=True)
        )
        (self_attn_layer_norm): FusedLayerNorm(torch.Size([768]), eps=1e-05, elementwise_affine=True)
        (dropout_module): FairseqDropout()
        (moe_layer): MOELayer(
          (gate): Top1Gate(
            (wg): Linear(in_features=768, out_features=4, bias=False)
          )
          (experts): ModuleList(
            (0): FeedForwardNetwork(
              (activation_dropout_module): FairseqDropout()
              (fc1): Linear(in_features=768, out_features=3072, bias=True)
              (fc2): Linear(in_features=3072, out_features=768, bias=True)
              (dropout_module): FairseqDropout()
            )
            (1): FeedForwardNetwork(
              (activation_dropout_module): FairseqDropout()
              (fc1): Linear(in_features=768, out_features=3072, bias=True)
              (fc2): Linear(in_features=3072, out_features=768, bias=True)
              (dropout_module): FairseqDropout()
            )
            (2): FeedForwardNetwork(
              (activation_dropout_module): FairseqDropout()
              (fc1): Linear(in_features=768, out_features=3072, bias=True)
              (fc2): Linear(in_features=3072, out_features=768, bias=True)
              (dropout_module): FairseqDropout()
            )
            (3): FeedForwardNetwork(
              (activation_dropout_module): FairseqDropout()
              (fc1): Linear(in_features=768, out_features=3072, bias=True)
              (fc2): Linear(in_features=3072, out_features=768, bias=True)
              (dropout_module): FairseqDropout()
            )
          )
        )
        (attn_ln): FusedLayerNorm(torch.Size([768]), eps=1e-05, elementwise_affine=True)
        (ffn_layernorm): FusedLayerNorm(torch.Size([3072]), eps=1e-05, elementwise_affine=True)
        (final_layer_norm): FusedLayerNorm(torch.Size([768]), eps=1e-05, elementwise_affine=True)
        (drop_path): Identity()
      )
      (1): TransformerEncoderLayer(
        (self_attn): MultiheadAttention(
          (dropout_module): FairseqDropout()
          (k_proj): Linear(in_features=768, out_features=768, bias=True)
          (v_proj): Linear(in_features=768, out_features=768, bias=True)
          (q_proj): Linear(in_features=768, out_features=768, bias=True)
          (out_proj): Linear(in_features=768, out_features=768, bias=True)
        )
        (self_attn_layer_norm): FusedLayerNorm(torch.Size([768]), eps=1e-05, elementwise_affine=True)
        (dropout_module): FairseqDropout()
        (moe_layer): MOELayer(
          (gate): Top1Gate(
            (wg): Linear(in_features=768, out_features=4, bias=False)
          )
          (experts): ModuleList(
            (0): FeedForwardNetwork(
              (activation_dropout_module): FairseqDropout()
              (fc1): Linear(in_features=768, out_features=3072, bias=True)
              (fc2): Linear(in_features=3072, out_features=768, bias=True)
              (dropout_module): FairseqDropout()
            )
            (1): FeedForwardNetwork(
              (activation_dropout_module): FairseqDropout()
              (fc1): Linear(in_features=768, out_features=3072, bias=True)
              (fc2): Linear(in_features=3072, out_features=768, bias=True)
              (dropout_module): FairseqDropout()
            )
            (2): FeedForwardNetwork(
              (activation_dropout_module): FairseqDropout()
              (fc1): Linear(in_features=768, out_features=3072, bias=True)
              (fc2): Linear(in_features=3072, out_features=768, bias=True)
              (dropout_module): FairseqDropout()
            )
            (3): FeedForwardNetwork(
              (activation_dropout_module): FairseqDropout()
              (fc1): Linear(in_features=768, out_features=3072, bias=True)
              (fc2): Linear(in_features=3072, out_features=768, bias=True)
              (dropout_module): FairseqDropout()
            )
          )
        )
        (attn_ln): FusedLayerNorm(torch.Size([768]), eps=1e-05, elementwise_affine=True)
        (ffn_layernorm): FusedLayerNorm(torch.Size([3072]), eps=1e-05, elementwise_affine=True)
        (final_layer_norm): FusedLayerNorm(torch.Size([768]), eps=1e-05, elementwise_affine=True)
        (drop_path): Identity()
      )
      (2): TransformerEncoderLayer(
        (self_attn): MultiheadAttention(
          (dropout_module): FairseqDropout()
          (k_proj): Linear(in_features=768, out_features=768, bias=True)
          (v_proj): Linear(in_features=768, out_features=768, bias=True)
          (q_proj): Linear(in_features=768, out_features=768, bias=True)
          (out_proj): Linear(in_features=768, out_features=768, bias=True)
        )
        (self_attn_layer_norm): FusedLayerNorm(torch.Size([768]), eps=1e-05, elementwise_affine=True)
        (dropout_module): FairseqDropout()
        (moe_layer): MOELayer(
          (gate): Top1Gate(
            (wg): Linear(in_features=768, out_features=4, bias=False)
          )
          (experts): ModuleList(
            (0): FeedForwardNetwork(
              (activation_dropout_module): FairseqDropout()
              (fc1): Linear(in_features=768, out_features=3072, bias=True)
              (fc2): Linear(in_features=3072, out_features=768, bias=True)
              (dropout_module): FairseqDropout()
            )
            (1): FeedForwardNetwork(
              (activation_dropout_module): FairseqDropout()
              (fc1): Linear(in_features=768, out_features=3072, bias=True)
              (fc2): Linear(in_features=3072, out_features=768, bias=True)
              (dropout_module): FairseqDropout()
            )
            (2): FeedForwardNetwork(
              (activation_dropout_module): FairseqDropout()
              (fc1): Linear(in_features=768, out_features=3072, bias=True)
              (fc2): Linear(in_features=3072, out_features=768, bias=True)
              (dropout_module): FairseqDropout()
            )
            (3): FeedForwardNetwork(
              (activation_dropout_module): FairseqDropout()
              (fc1): Linear(in_features=768, out_features=3072, bias=True)
              (fc2): Linear(in_features=3072, out_features=768, bias=True)
              (dropout_module): FairseqDropout()
            )
          )
        )
        (attn_ln): FusedLayerNorm(torch.Size([768]), eps=1e-05, elementwise_affine=True)
        (ffn_layernorm): FusedLayerNorm(torch.Size([3072]), eps=1e-05, elementwise_affine=True)
        (final_layer_norm): FusedLayerNorm(torch.Size([768]), eps=1e-05, elementwise_affine=True)
        (drop_path): Identity()
      )
      (3): TransformerEncoderLayer(
        (self_attn): MultiheadAttention(
          (dropout_module): FairseqDropout()
          (k_proj): Linear(in_features=768, out_features=768, bias=True)
          (v_proj): Linear(in_features=768, out_features=768, bias=True)
          (q_proj): Linear(in_features=768, out_features=768, bias=True)
          (out_proj): Linear(in_features=768, out_features=768, bias=True)
        )
        (self_attn_layer_norm): FusedLayerNorm(torch.Size([768]), eps=1e-05, elementwise_affine=True)
        (dropout_module): FairseqDropout()
        (moe_layer): MOELayer(
          (gate): Top1Gate(
            (wg): Linear(in_features=768, out_features=4, bias=False)
          )
          (experts): ModuleList(
            (0): FeedForwardNetwork(
              (activation_dropout_module): FairseqDropout()
              (fc1): Linear(in_features=768, out_features=3072, bias=True)
              (fc2): Linear(in_features=3072, out_features=768, bias=True)
              (dropout_module): FairseqDropout()
            )
            (1): FeedForwardNetwork(
              (activation_dropout_module): FairseqDropout()
              (fc1): Linear(in_features=768, out_features=3072, bias=True)
              (fc2): Linear(in_features=3072, out_features=768, bias=True)
              (dropout_module): FairseqDropout()
            )
            (2): FeedForwardNetwork(
              (activation_dropout_module): FairseqDropout()
              (fc1): Linear(in_features=768, out_features=3072, bias=True)
              (fc2): Linear(in_features=3072, out_features=768, bias=True)
              (dropout_module): FairseqDropout()
            )
            (3): FeedForwardNetwork(
              (activation_dropout_module): FairseqDropout()
              (fc1): Linear(in_features=768, out_features=3072, bias=True)
              (fc2): Linear(in_features=3072, out_features=768, bias=True)
              (dropout_module): FairseqDropout()
            )
          )
        )
        (attn_ln): FusedLayerNorm(torch.Size([768]), eps=1e-05, elementwise_affine=True)
        (ffn_layernorm): FusedLayerNorm(torch.Size([3072]), eps=1e-05, elementwise_affine=True)
        (final_layer_norm): FusedLayerNorm(torch.Size([768]), eps=1e-05, elementwise_affine=True)
        (drop_path): Identity()
      )
      (4): TransformerEncoderLayer(
        (self_attn): MultiheadAttention(
          (dropout_module): FairseqDropout()
          (k_proj): Linear(in_features=768, out_features=768, bias=True)
          (v_proj): Linear(in_features=768, out_features=768, bias=True)
          (q_proj): Linear(in_features=768, out_features=768, bias=True)
          (out_proj): Linear(in_features=768, out_features=768, bias=True)
        )
        (self_attn_layer_norm): FusedLayerNorm(torch.Size([768]), eps=1e-05, elementwise_affine=True)
        (dropout_module): FairseqDropout()
        (moe_layer): MOELayer(
          (gate): Top1Gate(
            (wg): Linear(in_features=768, out_features=4, bias=False)
          )
          (experts): ModuleList(
            (0): FeedForwardNetwork(
              (activation_dropout_module): FairseqDropout()
              (fc1): Linear(in_features=768, out_features=3072, bias=True)
              (fc2): Linear(in_features=3072, out_features=768, bias=True)
              (dropout_module): FairseqDropout()
            )
            (1): FeedForwardNetwork(
              (activation_dropout_module): FairseqDropout()
              (fc1): Linear(in_features=768, out_features=3072, bias=True)
              (fc2): Linear(in_features=3072, out_features=768, bias=True)
              (dropout_module): FairseqDropout()
            )
            (2): FeedForwardNetwork(
              (activation_dropout_module): FairseqDropout()
              (fc1): Linear(in_features=768, out_features=3072, bias=True)
              (fc2): Linear(in_features=3072, out_features=768, bias=True)
              (dropout_module): FairseqDropout()
            )
            (3): FeedForwardNetwork(
              (activation_dropout_module): FairseqDropout()
              (fc1): Linear(in_features=768, out_features=3072, bias=True)
              (fc2): Linear(in_features=3072, out_features=768, bias=True)
              (dropout_module): FairseqDropout()
            )
          )
        )
        (attn_ln): FusedLayerNorm(torch.Size([768]), eps=1e-05, elementwise_affine=True)
        (ffn_layernorm): FusedLayerNorm(torch.Size([3072]), eps=1e-05, elementwise_affine=True)
        (final_layer_norm): FusedLayerNorm(torch.Size([768]), eps=1e-05, elementwise_affine=True)
        (drop_path): Identity()
      )
      (5): TransformerEncoderLayer(
        (self_attn): MultiheadAttention(
          (dropout_module): FairseqDropout()
          (k_proj): Linear(in_features=768, out_features=768, bias=True)
          (v_proj): Linear(in_features=768, out_features=768, bias=True)
          (q_proj): Linear(in_features=768, out_features=768, bias=True)
          (out_proj): Linear(in_features=768, out_features=768, bias=True)
        )
        (self_attn_layer_norm): FusedLayerNorm(torch.Size([768]), eps=1e-05, elementwise_affine=True)
        (dropout_module): FairseqDropout()
        (moe_layer): MOELayer(
          (gate): Top1Gate(
            (wg): Linear(in_features=768, out_features=4, bias=False)
          )
          (experts): ModuleList(
            (0): FeedForwardNetwork(
              (activation_dropout_module): FairseqDropout()
              (fc1): Linear(in_features=768, out_features=3072, bias=True)
              (fc2): Linear(in_features=3072, out_features=768, bias=True)
              (dropout_module): FairseqDropout()
            )
            (1): FeedForwardNetwork(
              (activation_dropout_module): FairseqDropout()
              (fc1): Linear(in_features=768, out_features=3072, bias=True)
              (fc2): Linear(in_features=3072, out_features=768, bias=True)
              (dropout_module): FairseqDropout()
            )
            (2): FeedForwardNetwork(
              (activation_dropout_module): FairseqDropout()
              (fc1): Linear(in_features=768, out_features=3072, bias=True)
              (fc2): Linear(in_features=3072, out_features=768, bias=True)
              (dropout_module): FairseqDropout()
            )
            (3): FeedForwardNetwork(
              (activation_dropout_module): FairseqDropout()
              (fc1): Linear(in_features=768, out_features=3072, bias=True)
              (fc2): Linear(in_features=3072, out_features=768, bias=True)
              (dropout_module): FairseqDropout()
            )
          )
        )
        (attn_ln): FusedLayerNorm(torch.Size([768]), eps=1e-05, elementwise_affine=True)
        (ffn_layernorm): FusedLayerNorm(torch.Size([3072]), eps=1e-05, elementwise_affine=True)
        (final_layer_norm): FusedLayerNorm(torch.Size([768]), eps=1e-05, elementwise_affine=True)
        (drop_path): Identity()
      )
    )
    (layer_norm): FusedLayerNorm(torch.Size([768]), eps=1e-05, elementwise_affine=True)
    (token_rel_pos_table_list): ModuleList(
      (0): Embedding(511, 12)
      (1): Embedding(511, 12)
      (2): Embedding(511, 12)
      (3): Embedding(511, 12)
      (4): Embedding(511, 12)
      (5): Embedding(511, 12)
    )
    (image_rel_pos_table_list): ModuleList(
      (0): Embedding(6892, 12)
      (1): Embedding(6892, 12)
      (2): Embedding(6892, 12)
      (3): Embedding(6892, 12)
      (4): Embedding(6892, 12)
      (5): Embedding(6892, 12)
    )
  )
  (decoder): TransformerDecoder(
    (dropout_module): FairseqDropout()
    (embed_tokens): Embedding(59457, 768, padding_idx=1)
    (layernorm_embedding): FusedLayerNorm(torch.Size([768]), eps=1e-05, elementwise_affine=True)
    (embed_positions): Embedding(1026, 768)
    (embed_image_positions): Embedding(1765, 768)
    (pos_ln): FusedLayerNorm(torch.Size([768]), eps=1e-05, elementwise_affine=True)
    (image_pos_ln): FusedLayerNorm(torch.Size([768]), eps=1e-05, elementwise_affine=True)
    (self_pos_q_linear): Linear(in_features=768, out_features=768, bias=True)
    (self_pos_k_linear): Linear(in_features=768, out_features=768, bias=True)
    (cross_pos_q_linear): Linear(in_features=768, out_features=768, bias=True)
    (cross_pos_k_linear): Linear(in_features=768, out_features=768, bias=True)
    (code_layernorm_embedding): FusedLayerNorm(torch.Size([768]), eps=1e-05, elementwise_affine=True)
    (layers): ModuleList(
      (0): TransformerDecoderLayer(
        (dropout_module): FairseqDropout()
        (self_attn): MultiheadAttention(
          (dropout_module): FairseqDropout()
          (k_proj): Linear(in_features=768, out_features=768, bias=True)
          (v_proj): Linear(in_features=768, out_features=768, bias=True)
          (q_proj): Linear(in_features=768, out_features=768, bias=True)
          (out_proj): Linear(in_features=768, out_features=768, bias=True)
        )
        (self_attn_ln): FusedLayerNorm(torch.Size([768]), eps=1e-05, elementwise_affine=True)
        (cross_attn_ln): FusedLayerNorm(torch.Size([768]), eps=1e-05, elementwise_affine=True)
        (self_attn_layer_norm): FusedLayerNorm(torch.Size([768]), eps=1e-05, elementwise_affine=True)
        (encoder_attn): MultiheadAttention(
          (dropout_module): FairseqDropout()
          (k_proj): Linear(in_features=768, out_features=768, bias=True)
          (v_proj): Linear(in_features=768, out_features=768, bias=True)
          (q_proj): Linear(in_features=768, out_features=768, bias=True)
          (out_proj): Linear(in_features=768, out_features=768, bias=True)
        )
        (encoder_attn_layer_norm): FusedLayerNorm(torch.Size([768]), eps=1e-05, elementwise_affine=True)
        (ffn_layernorm): FusedLayerNorm(torch.Size([3072]), eps=1e-05, elementwise_affine=True)
        (moe_layer): MOELayer(
          (gate): Top1Gate(
            (wg): Linear(in_features=768, out_features=4, bias=False)
          )
          (experts): ModuleList(
            (0): FeedForwardNetwork(
              (activation_dropout_module): FairseqDropout()
              (fc1): Linear(in_features=768, out_features=3072, bias=True)
              (fc2): Linear(in_features=3072, out_features=768, bias=True)
              (dropout_module): FairseqDropout()
            )
            (1): FeedForwardNetwork(
              (activation_dropout_module): FairseqDropout()
              (fc1): Linear(in_features=768, out_features=3072, bias=True)
              (fc2): Linear(in_features=3072, out_features=768, bias=True)
              (dropout_module): FairseqDropout()
            )
            (2): FeedForwardNetwork(
              (activation_dropout_module): FairseqDropout()
              (fc1): Linear(in_features=768, out_features=3072, bias=True)
              (fc2): Linear(in_features=3072, out_features=768, bias=True)
              (dropout_module): FairseqDropout()
            )
            (3): FeedForwardNetwork(
              (activation_dropout_module): FairseqDropout()
              (fc1): Linear(in_features=768, out_features=3072, bias=True)
              (fc2): Linear(in_features=3072, out_features=768, bias=True)
              (dropout_module): FairseqDropout()
            )
          )
        )
        (final_layer_norm): FusedLayerNorm(torch.Size([768]), eps=1e-05, elementwise_affine=True)
        (drop_path): Identity()
      )
      (1): TransformerDecoderLayer(
        (dropout_module): FairseqDropout()
        (self_attn): MultiheadAttention(
          (dropout_module): FairseqDropout()
          (k_proj): Linear(in_features=768, out_features=768, bias=True)
          (v_proj): Linear(in_features=768, out_features=768, bias=True)
          (q_proj): Linear(in_features=768, out_features=768, bias=True)
          (out_proj): Linear(in_features=768, out_features=768, bias=True)
        )
        (self_attn_ln): FusedLayerNorm(torch.Size([768]), eps=1e-05, elementwise_affine=True)
        (cross_attn_ln): FusedLayerNorm(torch.Size([768]), eps=1e-05, elementwise_affine=True)
        (self_attn_layer_norm): FusedLayerNorm(torch.Size([768]), eps=1e-05, elementwise_affine=True)
        (encoder_attn): MultiheadAttention(
          (dropout_module): FairseqDropout()
          (k_proj): Linear(in_features=768, out_features=768, bias=True)
          (v_proj): Linear(in_features=768, out_features=768, bias=True)
          (q_proj): Linear(in_features=768, out_features=768, bias=True)
          (out_proj): Linear(in_features=768, out_features=768, bias=True)
        )
        (encoder_attn_layer_norm): FusedLayerNorm(torch.Size([768]), eps=1e-05, elementwise_affine=True)
        (ffn_layernorm): FusedLayerNorm(torch.Size([3072]), eps=1e-05, elementwise_affine=True)
        (moe_layer): MOELayer(
          (gate): Top1Gate(
            (wg): Linear(in_features=768, out_features=4, bias=False)
          )
          (experts): ModuleList(
            (0): FeedForwardNetwork(
              (activation_dropout_module): FairseqDropout()
              (fc1): Linear(in_features=768, out_features=3072, bias=True)
              (fc2): Linear(in_features=3072, out_features=768, bias=True)
              (dropout_module): FairseqDropout()
            )
            (1): FeedForwardNetwork(
              (activation_dropout_module): FairseqDropout()
              (fc1): Linear(in_features=768, out_features=3072, bias=True)
              (fc2): Linear(in_features=3072, out_features=768, bias=True)
              (dropout_module): FairseqDropout()
            )
            (2): FeedForwardNetwork(
              (activation_dropout_module): FairseqDropout()
              (fc1): Linear(in_features=768, out_features=3072, bias=True)
              (fc2): Linear(in_features=3072, out_features=768, bias=True)
              (dropout_module): FairseqDropout()
            )
            (3): FeedForwardNetwork(
              (activation_dropout_module): FairseqDropout()
              (fc1): Linear(in_features=768, out_features=3072, bias=True)
              (fc2): Linear(in_features=3072, out_features=768, bias=True)
              (dropout_module): FairseqDropout()
            )
          )
        )
        (final_layer_norm): FusedLayerNorm(torch.Size([768]), eps=1e-05, elementwise_affine=True)
        (drop_path): Identity()
      )
      (2): TransformerDecoderLayer(
        (dropout_module): FairseqDropout()
        (self_attn): MultiheadAttention(
          (dropout_module): FairseqDropout()
          (k_proj): Linear(in_features=768, out_features=768, bias=True)
          (v_proj): Linear(in_features=768, out_features=768, bias=True)
          (q_proj): Linear(in_features=768, out_features=768, bias=True)
          (out_proj): Linear(in_features=768, out_features=768, bias=True)
        )
        (self_attn_ln): FusedLayerNorm(torch.Size([768]), eps=1e-05, elementwise_affine=True)
        (cross_attn_ln): FusedLayerNorm(torch.Size([768]), eps=1e-05, elementwise_affine=True)
        (self_attn_layer_norm): FusedLayerNorm(torch.Size([768]), eps=1e-05, elementwise_affine=True)
        (encoder_attn): MultiheadAttention(
          (dropout_module): FairseqDropout()
          (k_proj): Linear(in_features=768, out_features=768, bias=True)
          (v_proj): Linear(in_features=768, out_features=768, bias=True)
          (q_proj): Linear(in_features=768, out_features=768, bias=True)
          (out_proj): Linear(in_features=768, out_features=768, bias=True)
        )
        (encoder_attn_layer_norm): FusedLayerNorm(torch.Size([768]), eps=1e-05, elementwise_affine=True)
        (ffn_layernorm): FusedLayerNorm(torch.Size([3072]), eps=1e-05, elementwise_affine=True)
        (moe_layer): MOELayer(
          (gate): Top1Gate(
            (wg): Linear(in_features=768, out_features=4, bias=False)
          )
          (experts): ModuleList(
            (0): FeedForwardNetwork(
              (activation_dropout_module): FairseqDropout()
              (fc1): Linear(in_features=768, out_features=3072, bias=True)
              (fc2): Linear(in_features=3072, out_features=768, bias=True)
              (dropout_module): FairseqDropout()
            )
            (1): FeedForwardNetwork(
              (activation_dropout_module): FairseqDropout()
              (fc1): Linear(in_features=768, out_features=3072, bias=True)
              (fc2): Linear(in_features=3072, out_features=768, bias=True)
              (dropout_module): FairseqDropout()
            )
            (2): FeedForwardNetwork(
              (activation_dropout_module): FairseqDropout()
              (fc1): Linear(in_features=768, out_features=3072, bias=True)
              (fc2): Linear(in_features=3072, out_features=768, bias=True)
              (dropout_module): FairseqDropout()
            )
            (3): FeedForwardNetwork(
              (activation_dropout_module): FairseqDropout()
              (fc1): Linear(in_features=768, out_features=3072, bias=True)
              (fc2): Linear(in_features=3072, out_features=768, bias=True)
              (dropout_module): FairseqDropout()
            )
          )
        )
        (final_layer_norm): FusedLayerNorm(torch.Size([768]), eps=1e-05, elementwise_affine=True)
        (drop_path): Identity()
      )
      (3): TransformerDecoderLayer(
        (dropout_module): FairseqDropout()
        (self_attn): MultiheadAttention(
          (dropout_module): FairseqDropout()
          (k_proj): Linear(in_features=768, out_features=768, bias=True)
          (v_proj): Linear(in_features=768, out_features=768, bias=True)
          (q_proj): Linear(in_features=768, out_features=768, bias=True)
          (out_proj): Linear(in_features=768, out_features=768, bias=True)
        )
        (self_attn_ln): FusedLayerNorm(torch.Size([768]), eps=1e-05, elementwise_affine=True)
        (cross_attn_ln): FusedLayerNorm(torch.Size([768]), eps=1e-05, elementwise_affine=True)
        (self_attn_layer_norm): FusedLayerNorm(torch.Size([768]), eps=1e-05, elementwise_affine=True)
        (encoder_attn): MultiheadAttention(
          (dropout_module): FairseqDropout()
          (k_proj): Linear(in_features=768, out_features=768, bias=True)
          (v_proj): Linear(in_features=768, out_features=768, bias=True)
          (q_proj): Linear(in_features=768, out_features=768, bias=True)
          (out_proj): Linear(in_features=768, out_features=768, bias=True)
        )
        (encoder_attn_layer_norm): FusedLayerNorm(torch.Size([768]), eps=1e-05, elementwise_affine=True)
        (ffn_layernorm): FusedLayerNorm(torch.Size([3072]), eps=1e-05, elementwise_affine=True)
        (moe_layer): MOELayer(
          (gate): Top1Gate(
            (wg): Linear(in_features=768, out_features=4, bias=False)
          )
          (experts): ModuleList(
            (0): FeedForwardNetwork(
              (activation_dropout_module): FairseqDropout()
              (fc1): Linear(in_features=768, out_features=3072, bias=True)
              (fc2): Linear(in_features=3072, out_features=768, bias=True)
              (dropout_module): FairseqDropout()
            )
            (1): FeedForwardNetwork(
              (activation_dropout_module): FairseqDropout()
              (fc1): Linear(in_features=768, out_features=3072, bias=True)
              (fc2): Linear(in_features=3072, out_features=768, bias=True)
              (dropout_module): FairseqDropout()
            )
            (2): FeedForwardNetwork(
              (activation_dropout_module): FairseqDropout()
              (fc1): Linear(in_features=768, out_features=3072, bias=True)
              (fc2): Linear(in_features=3072, out_features=768, bias=True)
              (dropout_module): FairseqDropout()
            )
            (3): FeedForwardNetwork(
              (activation_dropout_module): FairseqDropout()
              (fc1): Linear(in_features=768, out_features=3072, bias=True)
              (fc2): Linear(in_features=3072, out_features=768, bias=True)
              (dropout_module): FairseqDropout()
            )
          )
        )
        (final_layer_norm): FusedLayerNorm(torch.Size([768]), eps=1e-05, elementwise_affine=True)
        (drop_path): Identity()
      )
      (4): TransformerDecoderLayer(
        (dropout_module): FairseqDropout()
        (self_attn): MultiheadAttention(
          (dropout_module): FairseqDropout()
          (k_proj): Linear(in_features=768, out_features=768, bias=True)
          (v_proj): Linear(in_features=768, out_features=768, bias=True)
          (q_proj): Linear(in_features=768, out_features=768, bias=True)
          (out_proj): Linear(in_features=768, out_features=768, bias=True)
        )
        (self_attn_ln): FusedLayerNorm(torch.Size([768]), eps=1e-05, elementwise_affine=True)
        (cross_attn_ln): FusedLayerNorm(torch.Size([768]), eps=1e-05, elementwise_affine=True)
        (self_attn_layer_norm): FusedLayerNorm(torch.Size([768]), eps=1e-05, elementwise_affine=True)
        (encoder_attn): MultiheadAttention(
          (dropout_module): FairseqDropout()
          (k_proj): Linear(in_features=768, out_features=768, bias=True)
          (v_proj): Linear(in_features=768, out_features=768, bias=True)
          (q_proj): Linear(in_features=768, out_features=768, bias=True)
          (out_proj): Linear(in_features=768, out_features=768, bias=True)
        )
        (encoder_attn_layer_norm): FusedLayerNorm(torch.Size([768]), eps=1e-05, elementwise_affine=True)
        (ffn_layernorm): FusedLayerNorm(torch.Size([3072]), eps=1e-05, elementwise_affine=True)
        (moe_layer): MOELayer(
          (gate): Top1Gate(
            (wg): Linear(in_features=768, out_features=4, bias=False)
          )
          (experts): ModuleList(
            (0): FeedForwardNetwork(
              (activation_dropout_module): FairseqDropout()
              (fc1): Linear(in_features=768, out_features=3072, bias=True)
              (fc2): Linear(in_features=3072, out_features=768, bias=True)
              (dropout_module): FairseqDropout()
            )
            (1): FeedForwardNetwork(
              (activation_dropout_module): FairseqDropout()
              (fc1): Linear(in_features=768, out_features=3072, bias=True)
              (fc2): Linear(in_features=3072, out_features=768, bias=True)
              (dropout_module): FairseqDropout()
            )
            (2): FeedForwardNetwork(
              (activation_dropout_module): FairseqDropout()
              (fc1): Linear(in_features=768, out_features=3072, bias=True)
              (fc2): Linear(in_features=3072, out_features=768, bias=True)
              (dropout_module): FairseqDropout()
            )
            (3): FeedForwardNetwork(
              (activation_dropout_module): FairseqDropout()
              (fc1): Linear(in_features=768, out_features=3072, bias=True)
              (fc2): Linear(in_features=3072, out_features=768, bias=True)
              (dropout_module): FairseqDropout()
            )
          )
        )
        (final_layer_norm): FusedLayerNorm(torch.Size([768]), eps=1e-05, elementwise_affine=True)
        (drop_path): Identity()
      )
      (5): TransformerDecoderLayer(
        (dropout_module): FairseqDropout()
        (self_attn): MultiheadAttention(
          (dropout_module): FairseqDropout()
          (k_proj): Linear(in_features=768, out_features=768, bias=True)
          (v_proj): Linear(in_features=768, out_features=768, bias=True)
          (q_proj): Linear(in_features=768, out_features=768, bias=True)
          (out_proj): Linear(in_features=768, out_features=768, bias=True)
        )
        (self_attn_ln): FusedLayerNorm(torch.Size([768]), eps=1e-05, elementwise_affine=True)
        (cross_attn_ln): FusedLayerNorm(torch.Size([768]), eps=1e-05, elementwise_affine=True)
        (self_attn_layer_norm): FusedLayerNorm(torch.Size([768]), eps=1e-05, elementwise_affine=True)
        (encoder_attn): MultiheadAttention(
          (dropout_module): FairseqDropout()
          (k_proj): Linear(in_features=768, out_features=768, bias=True)
          (v_proj): Linear(in_features=768, out_features=768, bias=True)
          (q_proj): Linear(in_features=768, out_features=768, bias=True)
          (out_proj): Linear(in_features=768, out_features=768, bias=True)
        )
        (encoder_attn_layer_norm): FusedLayerNorm(torch.Size([768]), eps=1e-05, elementwise_affine=True)
        (ffn_layernorm): FusedLayerNorm(torch.Size([3072]), eps=1e-05, elementwise_affine=True)
        (moe_layer): MOELayer(
          (gate): Top1Gate(
            (wg): Linear(in_features=768, out_features=4, bias=False)
          )
          (experts): ModuleList(
            (0): FeedForwardNetwork(
              (activation_dropout_module): FairseqDropout()
              (fc1): Linear(in_features=768, out_features=3072, bias=True)
              (fc2): Linear(in_features=3072, out_features=768, bias=True)
              (dropout_module): FairseqDropout()
            )
            (1): FeedForwardNetwork(
              (activation_dropout_module): FairseqDropout()
              (fc1): Linear(in_features=768, out_features=3072, bias=True)
              (fc2): Linear(in_features=3072, out_features=768, bias=True)
              (dropout_module): FairseqDropout()
            )
            (2): FeedForwardNetwork(
              (activation_dropout_module): FairseqDropout()
              (fc1): Linear(in_features=768, out_features=3072, bias=True)
              (fc2): Linear(in_features=3072, out_features=768, bias=True)
              (dropout_module): FairseqDropout()
            )
            (3): FeedForwardNetwork(
              (activation_dropout_module): FairseqDropout()
              (fc1): Linear(in_features=768, out_features=3072, bias=True)
              (fc2): Linear(in_features=3072, out_features=768, bias=True)
              (dropout_module): FairseqDropout()
            )
          )
        )
        (final_layer_norm): FusedLayerNorm(torch.Size([768]), eps=1e-05, elementwise_affine=True)
        (drop_path): Identity()
      )
    )
    (layer_norm): FusedLayerNorm(torch.Size([768]), eps=1e-05, elementwise_affine=True)
    (output_projection): Linear(in_features=768, out_features=59457, bias=False)
    (token_rel_pos_table_list): ModuleList(
      (0): Embedding(511, 12)
      (1): Embedding(511, 12)
      (2): Embedding(511, 12)
      (3): Embedding(511, 12)
      (4): Embedding(511, 12)
      (5): Embedding(511, 12)
    )
    (image_rel_pos_table_list): ModuleList(
      (0): Embedding(6892, 12)
      (1): Embedding(6892, 12)
      (2): Embedding(6892, 12)
      (3): Embedding(6892, 12)
      (4): Embedding(6892, 12)
      (5): Embedding(6892, 12)
    )
  )
  (classification_heads): ModuleDict()
)
2022-05-10 23:53:47 - train.py[line:109] - INFO: task: CaptionTask
2022-05-10 23:53:47 - train.py[line:110] - INFO: model: OFAModel
2022-05-10 23:53:47 - train.py[line:111] - INFO: criterion: AdjustLabelSmoothedMOECrossEntropyCriterion
2022-05-10 23:53:47 - train.py[line:112] - INFO: num. shared model params: 125,606,216 (num. trained: 79,943,240)
2022-05-10 23:53:47 - train.py[line:119] - INFO: num. expert model params: 226676736 (num. trained: 226676736)
local datafile ../../dataset/caption_data/caption_val.tsv slice_id 0 begin to initialize row_count and line_idx-to-offset mapping
local datafile ../../dataset/caption_data/caption_val.tsv slice_id 0 finished initializing row_count and line_idx-to-offset mapping
file ../../dataset/caption_data/caption_val.tsv slice_id 0 row count 5000 total row count 5000
/opt/conda/lib/python3.8/site-packages/torchvision/transforms/transforms.py:257: UserWarning: Argument interpolation should be of type InterpolationMode instead of int. Please, use InterpolationMode enum.
  warnings.warn(
2022-05-10 23:53:49 - trainer.py[line:129] - INFO: detected shared parameter: encoder.embed_tokens.weight <- decoder.embed_tokens.weight
2022-05-10 23:53:49 - trainer.py[line:129] - INFO: detected shared parameter: encoder.embed_tokens.weight <- decoder.output_projection.weight
2022-05-10 23:53:49 - trainer.py[line:129] - INFO: detected shared parameter: encoder.embed_images.conv1.bias <- encoder.embed_images.layer1.0.conv1.bias
2022-05-10 23:53:49 - trainer.py[line:129] - INFO: detected shared parameter: encoder.embed_images.conv1.bias <- encoder.embed_images.layer1.0.conv2.bias
2022-05-10 23:53:49 - trainer.py[line:129] - INFO: detected shared parameter: encoder.embed_images.conv1.bias <- encoder.embed_images.layer1.0.conv3.bias
2022-05-10 23:53:49 - trainer.py[line:129] - INFO: detected shared parameter: encoder.embed_images.conv1.bias <- encoder.embed_images.layer1.0.downsample.0.bias
2022-05-10 23:53:49 - trainer.py[line:129] - INFO: detected shared parameter: encoder.embed_images.conv1.bias <- encoder.embed_images.layer1.1.conv1.bias
2022-05-10 23:53:49 - trainer.py[line:129] - INFO: detected shared parameter: encoder.embed_images.conv1.bias <- encoder.embed_images.layer1.1.conv2.bias
2022-05-10 23:53:49 - trainer.py[line:129] - INFO: detected shared parameter: encoder.embed_images.conv1.bias <- encoder.embed_images.layer1.1.conv3.bias
2022-05-10 23:53:49 - trainer.py[line:129] - INFO: detected shared parameter: encoder.embed_images.conv1.bias <- encoder.embed_images.layer1.2.conv1.bias
2022-05-10 23:53:49 - trainer.py[line:129] - INFO: detected shared parameter: encoder.embed_images.conv1.bias <- encoder.embed_images.layer1.2.conv2.bias
2022-05-10 23:53:49 - trainer.py[line:129] - INFO: detected shared parameter: encoder.embed_images.conv1.bias <- encoder.embed_images.layer1.2.conv3.bias
2022-05-10 23:53:49 - trainer.py[line:129] - INFO: detected shared parameter: encoder.embed_images.conv1.bias <- encoder.embed_images.layer2.0.conv1.bias
2022-05-10 23:53:49 - trainer.py[line:129] - INFO: detected shared parameter: encoder.embed_images.conv1.bias <- encoder.embed_images.layer2.0.conv2.bias
2022-05-10 23:53:49 - trainer.py[line:129] - INFO: detected shared parameter: encoder.embed_images.conv1.bias <- encoder.embed_images.layer2.0.conv3.bias
2022-05-10 23:53:49 - trainer.py[line:129] - INFO: detected shared parameter: encoder.embed_images.conv1.bias <- encoder.embed_images.layer2.0.downsample.0.bias
2022-05-10 23:53:49 - trainer.py[line:129] - INFO: detected shared parameter: encoder.embed_images.conv1.bias <- encoder.embed_images.layer2.1.conv1.bias
2022-05-10 23:53:49 - trainer.py[line:129] - INFO: detected shared parameter: encoder.embed_images.conv1.bias <- encoder.embed_images.layer2.1.conv2.bias
2022-05-10 23:53:49 - trainer.py[line:129] - INFO: detected shared parameter: encoder.embed_images.conv1.bias <- encoder.embed_images.layer2.1.conv3.bias
2022-05-10 23:53:49 - trainer.py[line:129] - INFO: detected shared parameter: encoder.embed_images.conv1.bias <- encoder.embed_images.layer2.2.conv1.bias
2022-05-10 23:53:49 - trainer.py[line:129] - INFO: detected shared parameter: encoder.embed_images.conv1.bias <- encoder.embed_images.layer2.2.conv2.bias
2022-05-10 23:53:49 - trainer.py[line:129] - INFO: detected shared parameter: encoder.embed_images.conv1.bias <- encoder.embed_images.layer2.2.conv3.bias
2022-05-10 23:53:49 - trainer.py[line:129] - INFO: detected shared parameter: encoder.embed_images.conv1.bias <- encoder.embed_images.layer2.3.conv1.bias
2022-05-10 23:53:49 - trainer.py[line:129] - INFO: detected shared parameter: encoder.embed_images.conv1.bias <- encoder.embed_images.layer2.3.conv2.bias
2022-05-10 23:53:49 - trainer.py[line:129] - INFO: detected shared parameter: encoder.embed_images.conv1.bias <- encoder.embed_images.layer2.3.conv3.bias
2022-05-10 23:53:49 - trainer.py[line:129] - INFO: detected shared parameter: encoder.embed_images.conv1.bias <- encoder.embed_images.layer3.0.conv1.bias
2022-05-10 23:53:49 - trainer.py[line:129] - INFO: detected shared parameter: encoder.embed_images.conv1.bias <- encoder.embed_images.layer3.0.conv2.bias
2022-05-10 23:53:49 - trainer.py[line:129] - INFO: detected shared parameter: encoder.embed_images.conv1.bias <- encoder.embed_images.layer3.0.conv3.bias
2022-05-10 23:53:49 - trainer.py[line:129] - INFO: detected shared parameter: encoder.embed_images.conv1.bias <- encoder.embed_images.layer3.0.downsample.0.bias
2022-05-10 23:53:49 - trainer.py[line:129] - INFO: detected shared parameter: encoder.embed_images.conv1.bias <- encoder.embed_images.layer3.1.conv1.bias
2022-05-10 23:53:49 - trainer.py[line:129] - INFO: detected shared parameter: encoder.embed_images.conv1.bias <- encoder.embed_images.layer3.1.conv2.bias
2022-05-10 23:53:49 - trainer.py[line:129] - INFO: detected shared parameter: encoder.embed_images.conv1.bias <- encoder.embed_images.layer3.1.conv3.bias
2022-05-10 23:53:49 - trainer.py[line:129] - INFO: detected shared parameter: encoder.embed_images.conv1.bias <- encoder.embed_images.layer3.2.conv1.bias
2022-05-10 23:53:49 - trainer.py[line:129] - INFO: detected shared parameter: encoder.embed_images.conv1.bias <- encoder.embed_images.layer3.2.conv2.bias
2022-05-10 23:53:49 - trainer.py[line:129] - INFO: detected shared parameter: encoder.embed_images.conv1.bias <- encoder.embed_images.layer3.2.conv3.bias
2022-05-10 23:53:49 - trainer.py[line:129] - INFO: detected shared parameter: encoder.embed_images.conv1.bias <- encoder.embed_images.layer3.3.conv1.bias
2022-05-10 23:53:49 - trainer.py[line:129] - INFO: detected shared parameter: encoder.embed_images.conv1.bias <- encoder.embed_images.layer3.3.conv2.bias
2022-05-10 23:53:49 - trainer.py[line:129] - INFO: detected shared parameter: encoder.embed_images.conv1.bias <- encoder.embed_images.layer3.3.conv3.bias
2022-05-10 23:53:49 - trainer.py[line:129] - INFO: detected shared parameter: encoder.embed_images.conv1.bias <- encoder.embed_images.layer3.4.conv1.bias
2022-05-10 23:53:49 - trainer.py[line:129] - INFO: detected shared parameter: encoder.embed_images.conv1.bias <- encoder.embed_images.layer3.4.conv2.bias
2022-05-10 23:53:49 - trainer.py[line:129] - INFO: detected shared parameter: encoder.embed_images.conv1.bias <- encoder.embed_images.layer3.4.conv3.bias
2022-05-10 23:53:49 - trainer.py[line:129] - INFO: detected shared parameter: encoder.embed_images.conv1.bias <- encoder.embed_images.layer3.5.conv1.bias
2022-05-10 23:53:49 - trainer.py[line:129] - INFO: detected shared parameter: encoder.embed_images.conv1.bias <- encoder.embed_images.layer3.5.conv2.bias
2022-05-10 23:53:49 - trainer.py[line:129] - INFO: detected shared parameter: encoder.embed_images.conv1.bias <- encoder.embed_images.layer3.5.conv3.bias
2022-05-10 23:53:49 - trainer.py[line:129] - INFO: detected shared parameter: encoder.embed_images.conv1.bias <- encoder.embed_images.layer3.6.conv1.bias
2022-05-10 23:53:49 - trainer.py[line:129] - INFO: detected shared parameter: encoder.embed_images.conv1.bias <- encoder.embed_images.layer3.6.conv2.bias
2022-05-10 23:53:49 - trainer.py[line:129] - INFO: detected shared parameter: encoder.embed_images.conv1.bias <- encoder.embed_images.layer3.6.conv3.bias
2022-05-10 23:53:49 - trainer.py[line:129] - INFO: detected shared parameter: encoder.embed_images.conv1.bias <- encoder.embed_images.layer3.7.conv1.bias
2022-05-10 23:53:49 - trainer.py[line:129] - INFO: detected shared parameter: encoder.embed_images.conv1.bias <- encoder.embed_images.layer3.7.conv2.bias
2022-05-10 23:53:49 - trainer.py[line:129] - INFO: detected shared parameter: encoder.embed_images.conv1.bias <- encoder.embed_images.layer3.7.conv3.bias
2022-05-10 23:53:49 - trainer.py[line:129] - INFO: detected shared parameter: encoder.embed_images.conv1.bias <- encoder.embed_images.layer3.8.conv1.bias
2022-05-10 23:53:49 - trainer.py[line:129] - INFO: detected shared parameter: encoder.embed_images.conv1.bias <- encoder.embed_images.layer3.8.conv2.bias
2022-05-10 23:53:49 - trainer.py[line:129] - INFO: detected shared parameter: encoder.embed_images.conv1.bias <- encoder.embed_images.layer3.8.conv3.bias
2022-05-10 23:53:49 - trainer.py[line:129] - INFO: detected shared parameter: encoder.embed_images.conv1.bias <- encoder.embed_images.layer3.9.conv1.bias
2022-05-10 23:53:49 - trainer.py[line:129] - INFO: detected shared parameter: encoder.embed_images.conv1.bias <- encoder.embed_images.layer3.9.conv2.bias
2022-05-10 23:53:49 - trainer.py[line:129] - INFO: detected shared parameter: encoder.embed_images.conv1.bias <- encoder.embed_images.layer3.9.conv3.bias
2022-05-10 23:53:49 - trainer.py[line:129] - INFO: detected shared parameter: encoder.embed_images.conv1.bias <- encoder.embed_images.layer3.10.conv1.bias
2022-05-10 23:53:49 - trainer.py[line:129] - INFO: detected shared parameter: encoder.embed_images.conv1.bias <- encoder.embed_images.layer3.10.conv2.bias
2022-05-10 23:53:49 - trainer.py[line:129] - INFO: detected shared parameter: encoder.embed_images.conv1.bias <- encoder.embed_images.layer3.10.conv3.bias
2022-05-10 23:53:49 - trainer.py[line:129] - INFO: detected shared parameter: encoder.embed_images.conv1.bias <- encoder.embed_images.layer3.11.conv1.bias
2022-05-10 23:53:49 - trainer.py[line:129] - INFO: detected shared parameter: encoder.embed_images.conv1.bias <- encoder.embed_images.layer3.11.conv2.bias
2022-05-10 23:53:49 - trainer.py[line:129] - INFO: detected shared parameter: encoder.embed_images.conv1.bias <- encoder.embed_images.layer3.11.conv3.bias
2022-05-10 23:53:49 - trainer.py[line:129] - INFO: detected shared parameter: encoder.embed_images.conv1.bias <- encoder.embed_images.layer3.12.conv1.bias
2022-05-10 23:53:49 - trainer.py[line:129] - INFO: detected shared parameter: encoder.embed_images.conv1.bias <- encoder.embed_images.layer3.12.conv2.bias
2022-05-10 23:53:49 - trainer.py[line:129] - INFO: detected shared parameter: encoder.embed_images.conv1.bias <- encoder.embed_images.layer3.12.conv3.bias
2022-05-10 23:53:49 - trainer.py[line:129] - INFO: detected shared parameter: encoder.embed_images.conv1.bias <- encoder.embed_images.layer3.13.conv1.bias
2022-05-10 23:53:49 - trainer.py[line:129] - INFO: detected shared parameter: encoder.embed_images.conv1.bias <- encoder.embed_images.layer3.13.conv2.bias
2022-05-10 23:53:49 - trainer.py[line:129] - INFO: detected shared parameter: encoder.embed_images.conv1.bias <- encoder.embed_images.layer3.13.conv3.bias
2022-05-10 23:53:49 - trainer.py[line:129] - INFO: detected shared parameter: encoder.embed_images.conv1.bias <- encoder.embed_images.layer3.14.conv1.bias
2022-05-10 23:53:49 - trainer.py[line:129] - INFO: detected shared parameter: encoder.embed_images.conv1.bias <- encoder.embed_images.layer3.14.conv2.bias
2022-05-10 23:53:49 - trainer.py[line:129] - INFO: detected shared parameter: encoder.embed_images.conv1.bias <- encoder.embed_images.layer3.14.conv3.bias
2022-05-10 23:53:49 - trainer.py[line:129] - INFO: detected shared parameter: encoder.embed_images.conv1.bias <- encoder.embed_images.layer3.15.conv1.bias
2022-05-10 23:53:49 - trainer.py[line:129] - INFO: detected shared parameter: encoder.embed_images.conv1.bias <- encoder.embed_images.layer3.15.conv2.bias
2022-05-10 23:53:49 - trainer.py[line:129] - INFO: detected shared parameter: encoder.embed_images.conv1.bias <- encoder.embed_images.layer3.15.conv3.bias
2022-05-10 23:53:49 - trainer.py[line:129] - INFO: detected shared parameter: encoder.embed_images.conv1.bias <- encoder.embed_images.layer3.16.conv1.bias
2022-05-10 23:53:49 - trainer.py[line:129] - INFO: detected shared parameter: encoder.embed_images.conv1.bias <- encoder.embed_images.layer3.16.conv2.bias
2022-05-10 23:53:49 - trainer.py[line:129] - INFO: detected shared parameter: encoder.embed_images.conv1.bias <- encoder.embed_images.layer3.16.conv3.bias
2022-05-10 23:53:49 - trainer.py[line:129] - INFO: detected shared parameter: encoder.embed_images.conv1.bias <- encoder.embed_images.layer3.17.conv1.bias
2022-05-10 23:53:49 - trainer.py[line:129] - INFO: detected shared parameter: encoder.embed_images.conv1.bias <- encoder.embed_images.layer3.17.conv2.bias
2022-05-10 23:53:49 - trainer.py[line:129] - INFO: detected shared parameter: encoder.embed_images.conv1.bias <- encoder.embed_images.layer3.17.conv3.bias
2022-05-10 23:53:49 - trainer.py[line:129] - INFO: detected shared parameter: encoder.embed_images.conv1.bias <- encoder.embed_images.layer3.18.conv1.bias
2022-05-10 23:53:49 - trainer.py[line:129] - INFO: detected shared parameter: encoder.embed_images.conv1.bias <- encoder.embed_images.layer3.18.conv2.bias
2022-05-10 23:53:49 - trainer.py[line:129] - INFO: detected shared parameter: encoder.embed_images.conv1.bias <- encoder.embed_images.layer3.18.conv3.bias
2022-05-10 23:53:49 - trainer.py[line:129] - INFO: detected shared parameter: encoder.embed_images.conv1.bias <- encoder.embed_images.layer3.19.conv1.bias
2022-05-10 23:53:49 - trainer.py[line:129] - INFO: detected shared parameter: encoder.embed_images.conv1.bias <- encoder.embed_images.layer3.19.conv2.bias
2022-05-10 23:53:49 - trainer.py[line:129] - INFO: detected shared parameter: encoder.embed_images.conv1.bias <- encoder.embed_images.layer3.19.conv3.bias
2022-05-10 23:53:49 - trainer.py[line:129] - INFO: detected shared parameter: encoder.embed_images.conv1.bias <- encoder.embed_images.layer3.20.conv1.bias
2022-05-10 23:53:49 - trainer.py[line:129] - INFO: detected shared parameter: encoder.embed_images.conv1.bias <- encoder.embed_images.layer3.20.conv2.bias
2022-05-10 23:53:49 - trainer.py[line:129] - INFO: detected shared parameter: encoder.embed_images.conv1.bias <- encoder.embed_images.layer3.20.conv3.bias
2022-05-10 23:53:49 - trainer.py[line:129] - INFO: detected shared parameter: encoder.embed_images.conv1.bias <- encoder.embed_images.layer3.21.conv1.bias
2022-05-10 23:53:49 - trainer.py[line:129] - INFO: detected shared parameter: encoder.embed_images.conv1.bias <- encoder.embed_images.layer3.21.conv2.bias
2022-05-10 23:53:49 - trainer.py[line:129] - INFO: detected shared parameter: encoder.embed_images.conv1.bias <- encoder.embed_images.layer3.21.conv3.bias
2022-05-10 23:53:49 - trainer.py[line:129] - INFO: detected shared parameter: encoder.embed_images.conv1.bias <- encoder.embed_images.layer3.22.conv1.bias
2022-05-10 23:53:49 - trainer.py[line:129] - INFO: detected shared parameter: encoder.embed_images.conv1.bias <- encoder.embed_images.layer3.22.conv2.bias
2022-05-10 23:53:49 - trainer.py[line:129] - INFO: detected shared parameter: encoder.embed_images.conv1.bias <- encoder.embed_images.layer3.22.conv3.bias
2022-05-10 23:53:49 - trainer.py[line:129] - INFO: detected shared parameter: encoder.embed_images.conv1.bias <- encoder.layers.0.moe_layer.gate.wg.bias
2022-05-10 23:53:49 - trainer.py[line:129] - INFO: detected shared parameter: encoder.embed_images.conv1.bias <- encoder.layers.1.moe_layer.gate.wg.bias
2022-05-10 23:53:49 - trainer.py[line:129] - INFO: detected shared parameter: encoder.embed_images.conv1.bias <- encoder.layers.2.moe_layer.gate.wg.bias
2022-05-10 23:53:49 - trainer.py[line:129] - INFO: detected shared parameter: encoder.embed_images.conv1.bias <- encoder.layers.3.moe_layer.gate.wg.bias
2022-05-10 23:53:49 - trainer.py[line:129] - INFO: detected shared parameter: encoder.embed_images.conv1.bias <- encoder.layers.4.moe_layer.gate.wg.bias
2022-05-10 23:53:49 - trainer.py[line:129] - INFO: detected shared parameter: encoder.embed_images.conv1.bias <- encoder.layers.5.moe_layer.gate.wg.bias
2022-05-10 23:53:49 - trainer.py[line:129] - INFO: detected shared parameter: encoder.embed_images.conv1.bias <- decoder.layers.0.moe_layer.gate.wg.bias
2022-05-10 23:53:49 - trainer.py[line:129] - INFO: detected shared parameter: encoder.embed_images.conv1.bias <- decoder.layers.1.moe_layer.gate.wg.bias
2022-05-10 23:53:49 - trainer.py[line:129] - INFO: detected shared parameter: encoder.embed_images.conv1.bias <- decoder.layers.2.moe_layer.gate.wg.bias
2022-05-10 23:53:49 - trainer.py[line:129] - INFO: detected shared parameter: encoder.embed_images.conv1.bias <- decoder.layers.3.moe_layer.gate.wg.bias
2022-05-10 23:53:49 - trainer.py[line:129] - INFO: detected shared parameter: encoder.embed_images.conv1.bias <- decoder.layers.4.moe_layer.gate.wg.bias
2022-05-10 23:53:49 - trainer.py[line:129] - INFO: detected shared parameter: encoder.embed_images.conv1.bias <- decoder.layers.5.moe_layer.gate.wg.bias
2022-05-10 23:53:49 - trainer.py[line:129] - INFO: detected shared parameter: encoder.embed_images.conv1.bias <- decoder.output_projection.bias
2022-05-10 23:53:49 - utils.py[line:779] - INFO: ***********************CUDA enviroments for all 1 workers***********************
2022-05-10 23:53:49 - utils.py[line:781] - INFO: rank   0: capabilities =  8.6  ; total memory = 23.700 GB ; name = NVIDIA GeForce RTX 3090                 
2022-05-10 23:53:49 - utils.py[line:787] - INFO: ***********************CUDA enviroments for all 1 workers***********************
2022-05-10 23:53:49 - train.py[line:150] - INFO: training on 1 devices (GPUs/TPUs)
2022-05-10 23:53:49 - train.py[line:155] - INFO: max tokens per device = None and max sentences per device = 8
2022-05-10 23:53:49 - trainer.py[line:477] - INFO: Preparing to load checkpoint ../../checkpoints/ofa_base.pt
2022-05-10 23:53:53 - adam.py[line:70] - INFO: using FusedAdam
2022-05-10 23:53:53 - trainer.py[line:636] - INFO: Loaded checkpoint ../../checkpoints/ofa_base.pt (epoch 48 @ 0 updates)
2022-05-10 23:53:53 - trainer.py[line:658] - INFO: loading train data for epoch 1
local datafile ../../dataset/caption_data/caption_stage1_train.tsv slice_id 0 begin to initialize row_count and line_idx-to-offset mapping
local datafile ../../dataset/caption_data/caption_stage1_train.tsv slice_id 0 finished initializing row_count and line_idx-to-offset mapping
file ../../dataset/caption_data/caption_stage1_train.tsv slice_id 0 row count 566747 total row count 566747
slice_id 0 seek offset 0
Total steps 70844, warmup steps 4250, warmup_factor 0.00023529411764705883
2022-05-10 23:54:15 - trainer.py[line:722] - INFO: begin training epoch 1
2022-05-10 23:54:15 - train.py[line:303] - INFO: Start iterating over samples
2022-05-10 23:54:27 - trainer.py[line:945] - INFO: NOTE: gradient overflow detected, ignoring gradient, setting loss scale to: 64.0
2022-05-10 23:54:31 - trainer.py[line:945] - INFO: NOTE: gradient overflow detected, ignoring gradient, setting loss scale to: 32.0
2022-05-10 23:54:35 - trainer.py[line:945] - INFO: NOTE: gradient overflow detected, ignoring gradient, setting loss scale to: 16.0
2022-05-10 23:54:37 - train.py[line:456] - INFO: begin validation on "valid" subset on rank 0
slice_id 0 seek offset 0
slice_id 0 seek offset 0
2022-05-10 23:54:37 - train.py[line:466] - INFO: got valid iterator on "valid" subset on rank 0
2022-05-10 23:54:37 - train.py[line:494] - INFO: Begin looping over validation "valid" subset with length "625"
2022-05-11 00:03:46 - train.py[line:503] - INFO: valid_step finished
2022-05-11 00:03:46 - progress_bar.py[line:282] - INFO: epoch 001 | valid on 'valid' subset | loss 13.492 | loss_v1 0 | loss_v2 0 | nll_loss 12.013 | ntokens 481.696 | nsentences 8 | sample_size 481.696 | sample_size_v1 0 | sample_size_v2 0 | moe_gate_loss 1.06706 | overflow_expert1 0 | overflow_expert2 0 | entropy_gating 1.374 | expert1_balance_top 73.675 | expert1_balance_bottom 2.187 | unused_expert1_count 0.49 | expert2_balance_top 0 | expert2_balance_bottom 0 | unused_expert2_count 0 | all_to_all_cpu_time_ms 0 | all_to_all_cuda_time_ms 0 | ppl 4131.74 | cider 0.003 | wps 551.2 | wpb 481.7 | bsz 8 | num_updates 1
2022-05-11 00:03:46 - checkpoint_utils.py[line:64] - INFO: Preparing to save checkpoint for epoch 1 @ 1 updates
2022-05-11 00:03:46 - trainer.py[line:450] - INFO: Saving checkpoint to ./moe_stage1_checkpoints/4_0.06_2500/checkpoint_1_1.pt
2022-05-11 00:03:56 - trainer.py[line:460] - INFO: Finished saving checkpoint to ./moe_stage1_checkpoints/4_0.06_2500/checkpoint_1_1.pt
2022-05-11 00:04:06 - checkpoint_utils.py[line:133] - INFO: Saved checkpoint ./moe_stage1_checkpoints/4_0.06_2500/checkpoint_1_1.pt (epoch 1 @ 1 updates, score 0.003) (writing took 19.606369310058653 seconds)
2022-05-11 00:04:07 - train.py[line:456] - INFO: begin validation on "valid" subset on rank 0
slice_id 0 seek offset 0
slice_id 0 seek offset 0
2022-05-11 00:04:07 - train.py[line:466] - INFO: got valid iterator on "valid" subset on rank 0
2022-05-11 00:04:07 - train.py[line:494] - INFO: Begin looping over validation "valid" subset with length "625"
Killing subprocess 6199
Main process received SIGINT, exiting
